<?xml version="1.0" encoding="UTF-8"?><testsuite name="nosetests" tests="38" errors="0" failures="16" skip="0"><testcase classname="formalchemy.tests.test_aliases" name="test_aliases" time="0" /><testcase classname="formalchemy.tests.test_aliases" name="test_render_aliases" time="0"><failure type="exceptions.AssertionError" message="Failed doctest test for test_render_aliases&#10;  File &quot;c:\Development\Workspace\formalchemy\formalchemy\tests\test_aliases.py&quot;, line 10, in test_render_aliases&#10;&#10;----------------------------------------------------------------------&#10;File &quot;c:\Development\Workspace\formalchemy\formalchemy\tests\test_aliases.py&quot;, line 15, in test_render_aliases&#10;Failed example:&#10;    print fs.render()&#10;Exception raised:&#10;    Traceback (most recent call last):&#10;      File &quot;C:\Development\Python27\lib\doctest.py&quot;, line 1254, in __run&#10;        compileflags, 1) in test.globs&#10;      File &quot;&lt;doctest test_render_aliases[3]&gt;&quot;, line 1, in &lt;module&gt;&#10;        print fs.render()&#10;      File &quot;c:\Development\Workspace\formalchemy\formalchemy\tests\__init__.py&quot;, line 379, in render&#10;        assert html == html_engine, (name, html, html_engine)&#10;    AssertionError: ('tempita', '# -*- coding: utf-8 -*-\n&lt;div&gt;\n &lt;label class=&quot;field_opt&quot; for=&quot;Aliases--text&quot;&gt;\n  Text\n &lt;/label&gt;\n &lt;input id=&quot;Aliases--text&quot; name=&quot;Aliases--text&quot; type=&quot;text&quot; /&gt;\n&lt;/div&gt;\n&lt;script type=&quot;text/javascript&quot;&gt;\n //&lt;![CDATA[\r\ndocument.getElementById(&quot;Aliases--text&quot;).focus();\r\n//]]&gt;\n&lt;/script&gt;', '&lt;div&gt;\n &lt;label class=&quot;field_opt&quot; for=&quot;Aliases--text&quot;&gt;\n  Text\n &lt;/label&gt;\n &lt;input id=&quot;Aliases--text&quot; name=&quot;Aliases--text&quot; type=&quot;text&quot; /&gt;\n&lt;/div&gt;\n&lt;script type=&quot;text/javascript&quot;&gt;\n //&lt;![CDATA[\r\ndocument.getElementById(&quot;Aliases--text&quot;).focus();\r\n//]]&gt;\n&lt;/script&gt;')&#10;&#10;&gt;&gt;  raise self.failureException(self.format_failure(&lt;StringIO.StringIO instance at 0x0000000003BC3348&gt;.getvalue()))&#10;    "><![CDATA[Traceback (most recent call last):
  File "C:\Development\Python27\lib\unittest\case.py", line 318, in run
    testMethod()
  File "C:\Development\Python27\lib\doctest.py", line 2166, in runTest
    raise self.failureException(self.format_failure(new.getvalue()))
AssertionError: Failed doctest test for test_render_aliases
  File "c:\Development\Workspace\formalchemy\formalchemy\tests\test_aliases.py", line 10, in test_render_aliases

----------------------------------------------------------------------
File "c:\Development\Workspace\formalchemy\formalchemy\tests\test_aliases.py", line 15, in test_render_aliases
Failed example:
    print fs.render()
Exception raised:
    Traceback (most recent call last):
      File "C:\Development\Python27\lib\doctest.py", line 1254, in __run
        compileflags, 1) in test.globs
      File "<doctest test_render_aliases[3]>", line 1, in <module>
        print fs.render()
      File "c:\Development\Workspace\formalchemy\formalchemy\tests\__init__.py", line 379, in render
        assert html == html_engine, (name, html, html_engine)
    AssertionError: ('tempita', '# -*- coding: utf-8 -*-\n<div>\n <label class="field_opt" for="Aliases--text">\n  Text\n </label>\n <input id="Aliases--text" name="Aliases--text" type="text" />\n</div>\n<script type="text/javascript">\n //<![CDATA[\r\ndocument.getElementById("Aliases--text").focus();\r\n//]]>]]&gt;<![CDATA[\n</script>', '<div>\n <label class="field_opt" for="Aliases--text">\n  Text\n </label>\n <input id="Aliases--text" name="Aliases--text" type="text" />\n</div>\n<script type="text/javascript">\n //<![CDATA[\r\ndocument.getElementById("Aliases--text").focus();\r\n//]]>]]&gt;<![CDATA[\n</script>')

>>  raise self.failureException(self.format_failure(<StringIO.StringIO instance at 0x0000000003BC3348>.getvalue()))
    
]]></failure></testcase><testcase classname="formalchemy.tests.test_column" name="test_label" time="0" /><testcase classname="formalchemy.tests.test_column" name="test_fk_label" time="0" /><testcase classname="formalchemy.tests.test_dates" name="test_dt_hang_up" time="0" /><testcase classname="formalchemy.tests.test_dates" name="test_hidden" time="0" /><testcase classname="formalchemy.tests.test_fieldset_api" name="test_insert_after_relation" time="0" /><testcase classname="formalchemy.tests.test_fieldset_api" name="test_insert_after_alias" time="0" /><testcase classname="formalchemy.tests.test_fieldset_api" name="test_delete_relation" time="0" /><testcase classname="formalchemy.tests.test_fsblob" name="test_file_storage" time="0"><failure type="exceptions.AssertionError" message="('tempita', '# -*- coding: utf-8 -*-\n&lt;div&gt;\n &lt;label class=&quot;field_opt&quot; for=&quot;Binaries--file&quot;&gt;\n  File\n &lt;/label&gt;\n &lt;input id=&quot;Binaries--file&quot; name=&quot;Binaries--file&quot; type=&quot;file&quot; /&gt;\n&lt;/div&gt;\n&lt;script type=&quot;text/javascript&quot;&gt;\n //&lt;![CDATA[\r\ndocument.getElementById(&quot;Binaries--file&quot;).focus();\r\n//]]&gt;\n&lt;/script&gt;', '&lt;div&gt;\n &lt;label class=&quot;field_opt&quot; for=&quot;Binaries--file&quot;&gt;\n  File\n &lt;/label&gt;\n &lt;input id=&quot;Binaries--file&quot; name=&quot;Binaries--file&quot; type=&quot;file&quot; /&gt;\n&lt;/div&gt;\n&lt;script type=&quot;text/javascript&quot;&gt;\n //&lt;![CDATA[\r\ndocument.getElementById(&quot;Binaries--file&quot;).focus();\r\n//]]&gt;\n&lt;/script&gt;')&#10;    '&lt;div&gt;\n &lt;label class=&quot;field_opt&quot; for=&quot;Binaries--file&quot;&gt;\n  File\n &lt;/label&gt;\n &lt;input id=&quot;Binaries--file&quot; name=&quot;Binaries--file&quot; type=&quot;file&quot; /&gt;\n&lt;/div&gt;\n&lt;script type=&quot;text/javascript&quot;&gt;\n //&lt;![CDATA[\r\ndocument.getElementById(&quot;Binaries--file&quot;).focus();\r\n//]]&gt;\n&lt;/script&gt;' = pretty_html(engine('fieldset', fieldset=&lt;FieldSet (configured) with ['file']&gt;))&#10;&gt;&gt;  assert '# -*- coding: utf-8 -*-\n&lt;div&gt;\n &lt;label class=&quot;field_opt&quot; for=&quot;Binaries--file&quot;&gt;\n  File\n &lt;/label&gt;\n &lt;input id=&quot;Binaries--file&quot; name=&quot;Binaries--file&quot; type=&quot;file&quot; /&gt;\n&lt;/div&gt;\n&lt;script type=&quot;text/javascript&quot;&gt;\n //&lt;![CDATA[\r\ndocument.getElementById(&quot;Binaries--file&quot;).focus();\r\n//]]&gt;\n&lt;/script&gt;' == '&lt;div&gt;\n &lt;label class=&quot;field_opt&quot; for=&quot;Binaries--file&quot;&gt;\n  File\n &lt;/label&gt;\n &lt;input id=&quot;Binaries--file&quot; name=&quot;Binaries--file&quot; type=&quot;file&quot; /&gt;\n&lt;/div&gt;\n&lt;script type=&quot;text/javascript&quot;&gt;\n //&lt;![CDATA[\r\ndocument.getElementById(&quot;Binaries--file&quot;).focus();\r\n//]]&gt;\n&lt;/script&gt;', ('tempita', '# -*- coding: utf-8 -*-\n&lt;div&gt;\n &lt;label class=&quot;field_opt&quot; for=&quot;Binaries--file&quot;&gt;\n  File\n &lt;/label&gt;\n &lt;input id=&quot;Binaries--file&quot; name=&quot;Binaries--file&quot; type=&quot;file&quot; /&gt;\n&lt;/div&gt;\n&lt;script type=&quot;text/javascript&quot;&gt;\n //&lt;![CDATA[\r\ndocument.getElementById(&quot;Binaries--file&quot;).focus();\r\n//]]&gt;\n&lt;/script&gt;', '&lt;div&gt;\n &lt;label class=&quot;field_opt&quot; for=&quot;Binaries--file&quot;&gt;\n  File\n &lt;/label&gt;\n &lt;input id=&quot;Binaries--file&quot; name=&quot;Binaries--file&quot; type=&quot;file&quot; /&gt;\n&lt;/div&gt;\n&lt;script type=&quot;text/javascript&quot;&gt;\n //&lt;![CDATA[\r\ndocument.getElementById(&quot;Binaries--file&quot;).focus();\r\n//]]&gt;\n&lt;/script&gt;')&#10;    "><![CDATA[Traceback (most recent call last):
  File "C:\Development\Python27\lib\unittest\case.py", line 318, in run
    testMethod()
  File "C:\Development\Python27\lib\site-packages\nose\case.py", line 187, in runTest
    self.test(*self.arg)
  File "c:\Development\Workspace\formalchemy\formalchemy\tests\test_fsblob.py", line 36, in test_file_storage
    assert 'test.js' not in fs.render()
  File "c:\Development\Workspace\formalchemy\formalchemy\tests\__init__.py", line 379, in render
    assert html == html_engine, (name, html, html_engine)
AssertionError: ('tempita', '# -*- coding: utf-8 -*-\n<div>\n <label class="field_opt" for="Binaries--file">\n  File\n </label>\n <input id="Binaries--file" name="Binaries--file" type="file" />\n</div>\n<script type="text/javascript">\n //<![CDATA[\r\ndocument.getElementById("Binaries--file").focus();\r\n//]]>]]&gt;<![CDATA[\n</script>', '<div>\n <label class="field_opt" for="Binaries--file">\n  File\n </label>\n <input id="Binaries--file" name="Binaries--file" type="file" />\n</div>\n<script type="text/javascript">\n //<![CDATA[\r\ndocument.getElementById("Binaries--file").focus();\r\n//]]>]]&gt;<![CDATA[\n</script>')
    '<div>\n <label class="field_opt" for="Binaries--file">\n  File\n </label>\n <input id="Binaries--file" name="Binaries--file" type="file" />\n</div>\n<script type="text/javascript">\n //<![CDATA[\r\ndocument.getElementById("Binaries--file").focus();\r\n//]]>]]&gt;<![CDATA[\n</script>' = pretty_html(engine('fieldset', fieldset=<FieldSet (configured) with ['file']>))
>>  assert '# -*- coding: utf-8 -*-\n<div>\n <label class="field_opt" for="Binaries--file">\n  File\n </label>\n <input id="Binaries--file" name="Binaries--file" type="file" />\n</div>\n<script type="text/javascript">\n //<![CDATA[\r\ndocument.getElementById("Binaries--file").focus();\r\n//]]>]]&gt;<![CDATA[\n</script>' == '<div>\n <label class="field_opt" for="Binaries--file">\n  File\n </label>\n <input id="Binaries--file" name="Binaries--file" type="file" />\n</div>\n<script type="text/javascript">\n //<![CDATA[\r\ndocument.getElementById("Binaries--file").focus();\r\n//]]>]]&gt;<![CDATA[\n</script>', ('tempita', '# -*- coding: utf-8 -*-\n<div>\n <label class="field_opt" for="Binaries--file">\n  File\n </label>\n <input id="Binaries--file" name="Binaries--file" type="file" />\n</div>\n<script type="text/javascript">\n //<![CDATA[\r\ndocument.getElementById("Binaries--file").focus();\r\n//]]>]]&gt;<![CDATA[\n</script>', '<div>\n <label class="field_opt" for="Binaries--file">\n  File\n </label>\n <input id="Binaries--file" name="Binaries--file" type="file" />\n</div>\n<script type="text/javascript">\n //<![CDATA[\r\ndocument.getElementById("Binaries--file").focus();\r\n//]]>]]&gt;<![CDATA[\n</script>')
    
]]></failure></testcase><testcase classname="formalchemy.tests.test_fsblob" name="test_image_storage" time="0"><failure type="exceptions.AssertionError" message="('tempita', '# -*- coding: utf-8 -*-\n&lt;div&gt;\n &lt;label class=&quot;field_opt&quot; for=&quot;Binaries--file&quot;&gt;\n  File\n &lt;/label&gt;\n &lt;input id=&quot;Binaries--file&quot; name=&quot;Binaries--file&quot; type=&quot;file&quot; /&gt;\n&lt;/div&gt;\n&lt;script type=&quot;text/javascript&quot;&gt;\n //&lt;![CDATA[\r\ndocument.getElementById(&quot;Binaries--file&quot;).focus();\r\n//]]&gt;\n&lt;/script&gt;', '&lt;div&gt;\n &lt;label class=&quot;field_opt&quot; for=&quot;Binaries--file&quot;&gt;\n  File\n &lt;/label&gt;\n &lt;input id=&quot;Binaries--file&quot; name=&quot;Binaries--file&quot; type=&quot;file&quot; /&gt;\n&lt;/div&gt;\n&lt;script type=&quot;text/javascript&quot;&gt;\n //&lt;![CDATA[\r\ndocument.getElementById(&quot;Binaries--file&quot;).focus();\r\n//]]&gt;\n&lt;/script&gt;')&#10;    '&lt;div&gt;\n &lt;label class=&quot;field_opt&quot; for=&quot;Binaries--file&quot;&gt;\n  File\n &lt;/label&gt;\n &lt;input id=&quot;Binaries--file&quot; name=&quot;Binaries--file&quot; type=&quot;file&quot; /&gt;\n&lt;/div&gt;\n&lt;script type=&quot;text/javascript&quot;&gt;\n //&lt;![CDATA[\r\ndocument.getElementById(&quot;Binaries--file&quot;).focus();\r\n//]]&gt;\n&lt;/script&gt;' = pretty_html(engine('fieldset', fieldset=&lt;FieldSet (configured) with ['file']&gt;))&#10;&gt;&gt;  assert '# -*- coding: utf-8 -*-\n&lt;div&gt;\n &lt;label class=&quot;field_opt&quot; for=&quot;Binaries--file&quot;&gt;\n  File\n &lt;/label&gt;\n &lt;input id=&quot;Binaries--file&quot; name=&quot;Binaries--file&quot; type=&quot;file&quot; /&gt;\n&lt;/div&gt;\n&lt;script type=&quot;text/javascript&quot;&gt;\n //&lt;![CDATA[\r\ndocument.getElementById(&quot;Binaries--file&quot;).focus();\r\n//]]&gt;\n&lt;/script&gt;' == '&lt;div&gt;\n &lt;label class=&quot;field_opt&quot; for=&quot;Binaries--file&quot;&gt;\n  File\n &lt;/label&gt;\n &lt;input id=&quot;Binaries--file&quot; name=&quot;Binaries--file&quot; type=&quot;file&quot; /&gt;\n&lt;/div&gt;\n&lt;script type=&quot;text/javascript&quot;&gt;\n //&lt;![CDATA[\r\ndocument.getElementById(&quot;Binaries--file&quot;).focus();\r\n//]]&gt;\n&lt;/script&gt;', ('tempita', '# -*- coding: utf-8 -*-\n&lt;div&gt;\n &lt;label class=&quot;field_opt&quot; for=&quot;Binaries--file&quot;&gt;\n  File\n &lt;/label&gt;\n &lt;input id=&quot;Binaries--file&quot; name=&quot;Binaries--file&quot; type=&quot;file&quot; /&gt;\n&lt;/div&gt;\n&lt;script type=&quot;text/javascript&quot;&gt;\n //&lt;![CDATA[\r\ndocument.getElementById(&quot;Binaries--file&quot;).focus();\r\n//]]&gt;\n&lt;/script&gt;', '&lt;div&gt;\n &lt;label class=&quot;field_opt&quot; for=&quot;Binaries--file&quot;&gt;\n  File\n &lt;/label&gt;\n &lt;input id=&quot;Binaries--file&quot; name=&quot;Binaries--file&quot; type=&quot;file&quot; /&gt;\n&lt;/div&gt;\n&lt;script type=&quot;text/javascript&quot;&gt;\n //&lt;![CDATA[\r\ndocument.getElementById(&quot;Binaries--file&quot;).focus();\r\n//]]&gt;\n&lt;/script&gt;')&#10;    "><![CDATA[Traceback (most recent call last):
  File "C:\Development\Python27\lib\unittest\case.py", line 318, in run
    testMethod()
  File "C:\Development\Python27\lib\site-packages\nose\case.py", line 187, in runTest
    self.test(*self.arg)
  File "c:\Development\Workspace\formalchemy\formalchemy\tests\test_fsblob.py", line 58, in test_image_storage
    assert 'test.js' not in fs.render()
  File "c:\Development\Workspace\formalchemy\formalchemy\tests\__init__.py", line 379, in render
    assert html == html_engine, (name, html, html_engine)
AssertionError: ('tempita', '# -*- coding: utf-8 -*-\n<div>\n <label class="field_opt" for="Binaries--file">\n  File\n </label>\n <input id="Binaries--file" name="Binaries--file" type="file" />\n</div>\n<script type="text/javascript">\n //<![CDATA[\r\ndocument.getElementById("Binaries--file").focus();\r\n//]]>]]&gt;<![CDATA[\n</script>', '<div>\n <label class="field_opt" for="Binaries--file">\n  File\n </label>\n <input id="Binaries--file" name="Binaries--file" type="file" />\n</div>\n<script type="text/javascript">\n //<![CDATA[\r\ndocument.getElementById("Binaries--file").focus();\r\n//]]>]]&gt;<![CDATA[\n</script>')
    '<div>\n <label class="field_opt" for="Binaries--file">\n  File\n </label>\n <input id="Binaries--file" name="Binaries--file" type="file" />\n</div>\n<script type="text/javascript">\n //<![CDATA[\r\ndocument.getElementById("Binaries--file").focus();\r\n//]]>]]&gt;<![CDATA[\n</script>' = pretty_html(engine('fieldset', fieldset=<FieldSet (configured) with ['file']>))
>>  assert '# -*- coding: utf-8 -*-\n<div>\n <label class="field_opt" for="Binaries--file">\n  File\n </label>\n <input id="Binaries--file" name="Binaries--file" type="file" />\n</div>\n<script type="text/javascript">\n //<![CDATA[\r\ndocument.getElementById("Binaries--file").focus();\r\n//]]>]]&gt;<![CDATA[\n</script>' == '<div>\n <label class="field_opt" for="Binaries--file">\n  File\n </label>\n <input id="Binaries--file" name="Binaries--file" type="file" />\n</div>\n<script type="text/javascript">\n //<![CDATA[\r\ndocument.getElementById("Binaries--file").focus();\r\n//]]>]]&gt;<![CDATA[\n</script>', ('tempita', '# -*- coding: utf-8 -*-\n<div>\n <label class="field_opt" for="Binaries--file">\n  File\n </label>\n <input id="Binaries--file" name="Binaries--file" type="file" />\n</div>\n<script type="text/javascript">\n //<![CDATA[\r\ndocument.getElementById("Binaries--file").focus();\r\n//]]>]]&gt;<![CDATA[\n</script>', '<div>\n <label class="field_opt" for="Binaries--file">\n  File\n </label>\n <input id="Binaries--file" name="Binaries--file" type="file" />\n</div>\n<script type="text/javascript">\n //<![CDATA[\r\ndocument.getElementById("Binaries--file").focus();\r\n//]]>]]&gt;<![CDATA[\n</script>')
    
]]></failure></testcase><testcase classname="formalchemy.tests.test_fsblob" name="test_file_validation" time="0" /><testcase classname="formalchemy.tests.test_manual" name="test_manual" time="0"><failure type="exceptions.AssertionError" message="Failed doctest test for test_manual&#10;  File &quot;c:\Development\Workspace\formalchemy\formalchemy\tests\test_manual.py&quot;, line 15, in test_manual&#10;&#10;----------------------------------------------------------------------&#10;File &quot;c:\Development\Workspace\formalchemy\formalchemy\tests\test_manual.py&quot;, line 18, in test_manual&#10;Failed example:&#10;    print configure_and_render(fs, focus=None)&#10;Exception raised:&#10;    Traceback (most recent call last):&#10;      File &quot;C:\Development\Python27\lib\doctest.py&quot;, line 1254, in __run&#10;        compileflags, 1) in test.globs&#10;      File &quot;&lt;doctest test_manual[1]&gt;&quot;, line 1, in &lt;module&gt;&#10;        print configure_and_render(fs, focus=None)&#10;      File &quot;c:\Development\Workspace\formalchemy\formalchemy\tests\__init__.py&quot;, line 404, in configure_and_render&#10;        return fs.render()&#10;      File &quot;c:\Development\Workspace\formalchemy\formalchemy\tests\__init__.py&quot;, line 379, in render&#10;        assert html == html_engine, (name, html, html_engine)&#10;    AssertionError: ('tempita', '# -*- coding: utf-8 -*-\n&lt;div&gt;\n &lt;label class=&quot;field_opt&quot; for=&quot;Manual--a&quot;&gt;\n  A\n &lt;/label&gt;\n &lt;input id=&quot;Manual--a&quot; name=&quot;Manual--a&quot; type=&quot;text&quot; /&gt;\n&lt;/div&gt;\n&lt;div&gt;\n &lt;label class=&quot;field_opt&quot; for=&quot;Manual--b&quot;&gt;\n  B\n &lt;/label&gt;\n &lt;select id=&quot;Manual--b&quot; multiple=&quot;multiple&quot; name=&quot;Manual--b&quot; size=&quot;5&quot;&gt;\n  &lt;option value=&quot;1&quot;&gt;\n   one\n  &lt;/option&gt;\n  &lt;option value=&quot;2&quot;&gt;\n   two\n  &lt;/option&gt;\n &lt;/select&gt;\n&lt;/div&gt;\n&lt;div&gt;\n &lt;label class=&quot;field_opt&quot; for=&quot;Manual--d&quot;&gt;\n  D\n &lt;/label&gt;\n &lt;textarea cols=&quot;80&quot; id=&quot;Manual--d&quot; name=&quot;Manual--d&quot; rows=&quot;10&quot;&gt;\n &lt;/textarea&gt;\n&lt;/div&gt;', '&lt;div&gt;\n &lt;label class=&quot;field_opt&quot; for=&quot;Manual--a&quot;&gt;\n  A\n &lt;/label&gt;\n &lt;input id=&quot;Manual--a&quot; name=&quot;Manual--a&quot; type=&quot;text&quot; /&gt;\n&lt;/div&gt;\n&lt;div&gt;\n &lt;label class=&quot;field_opt&quot; for=&quot;Manual--b&quot;&gt;\n  B\n &lt;/label&gt;\n &lt;select id=&quot;Manual--b&quot; multiple=&quot;multiple&quot; name=&quot;Manual--b&quot; size=&quot;5&quot;&gt;\n  &lt;option value=&quot;1&quot;&gt;\n   one\n  &lt;/option&gt;\n  &lt;option value=&quot;2&quot;&gt;\n   two\n  &lt;/option&gt;\n &lt;/select&gt;\n&lt;/div&gt;\n&lt;div&gt;\n &lt;label class=&quot;field_opt&quot; for=&quot;Manual--d&quot;&gt;\n  D\n &lt;/label&gt;\n &lt;textarea cols=&quot;80&quot; id=&quot;Manual--d&quot; name=&quot;Manual--d&quot; rows=&quot;10&quot;&gt;\n &lt;/textarea&gt;\n&lt;/div&gt;')&#10;----------------------------------------------------------------------&#10;File &quot;c:\Development\Workspace\formalchemy\formalchemy\tests\test_manual.py&quot;, line 52, in test_manual&#10;Failed example:&#10;    print t.render()&#10;Exception raised:&#10;    Traceback (most recent call last):&#10;      File &quot;C:\Development\Python27\lib\doctest.py&quot;, line 1254, in __run&#10;        compileflags, 1) in test.globs&#10;      File &quot;&lt;doctest test_manual[7]&gt;&quot;, line 1, in &lt;module&gt;&#10;        print t.render()&#10;      File &quot;c:\Development\Workspace\formalchemy\formalchemy\tests\__init__.py&quot;, line 372, in render&#10;        assert html == html_engine, (name, html, html_engine)&#10;    AssertionError: ('tempita', '# -*- coding: utf-8 -*-\n&lt;tbody&gt;\n &lt;tr&gt;\n  &lt;td class=&quot;field_readonly&quot;&gt;\n   A:\n  &lt;/td&gt;\n  &lt;td&gt;\n  &lt;/td&gt;\n &lt;/tr&gt;\n &lt;tr&gt;\n  &lt;td class=&quot;field_readonly&quot;&gt;\n   B:\n  &lt;/td&gt;\n  &lt;td&gt;\n   one, two\n  &lt;/td&gt;\n &lt;/tr&gt;\n&lt;/tbody&gt;', '&lt;tbody&gt;\n &lt;tr&gt;\n  &lt;td class=&quot;field_readonly&quot;&gt;\n   A:\n  &lt;/td&gt;\n  &lt;td&gt;\n  &lt;/td&gt;\n &lt;/tr&gt;\n &lt;tr&gt;\n  &lt;td class=&quot;field_readonly&quot;&gt;\n   B:\n  &lt;/td&gt;\n  &lt;td&gt;\n   one, two\n  &lt;/td&gt;\n &lt;/tr&gt;\n&lt;/tbody&gt;')&#10;&#10;&gt;&gt;  raise self.failureException(self.format_failure(&lt;StringIO.StringIO instance at 0x0000000003EF29C8&gt;.getvalue()))&#10;    "><![CDATA[Traceback (most recent call last):
  File "C:\Development\Python27\lib\unittest\case.py", line 318, in run
    testMethod()
  File "C:\Development\Python27\lib\doctest.py", line 2166, in runTest
    raise self.failureException(self.format_failure(new.getvalue()))
AssertionError: Failed doctest test for test_manual
  File "c:\Development\Workspace\formalchemy\formalchemy\tests\test_manual.py", line 15, in test_manual

----------------------------------------------------------------------
File "c:\Development\Workspace\formalchemy\formalchemy\tests\test_manual.py", line 18, in test_manual
Failed example:
    print configure_and_render(fs, focus=None)
Exception raised:
    Traceback (most recent call last):
      File "C:\Development\Python27\lib\doctest.py", line 1254, in __run
        compileflags, 1) in test.globs
      File "<doctest test_manual[1]>", line 1, in <module>
        print configure_and_render(fs, focus=None)
      File "c:\Development\Workspace\formalchemy\formalchemy\tests\__init__.py", line 404, in configure_and_render
        return fs.render()
      File "c:\Development\Workspace\formalchemy\formalchemy\tests\__init__.py", line 379, in render
        assert html == html_engine, (name, html, html_engine)
    AssertionError: ('tempita', '# -*- coding: utf-8 -*-\n<div>\n <label class="field_opt" for="Manual--a">\n  A\n </label>\n <input id="Manual--a" name="Manual--a" type="text" />\n</div>\n<div>\n <label class="field_opt" for="Manual--b">\n  B\n </label>\n <select id="Manual--b" multiple="multiple" name="Manual--b" size="5">\n  <option value="1">\n   one\n  </option>\n  <option value="2">\n   two\n  </option>\n </select>\n</div>\n<div>\n <label class="field_opt" for="Manual--d">\n  D\n </label>\n <textarea cols="80" id="Manual--d" name="Manual--d" rows="10">\n </textarea>\n</div>', '<div>\n <label class="field_opt" for="Manual--a">\n  A\n </label>\n <input id="Manual--a" name="Manual--a" type="text" />\n</div>\n<div>\n <label class="field_opt" for="Manual--b">\n  B\n </label>\n <select id="Manual--b" multiple="multiple" name="Manual--b" size="5">\n  <option value="1">\n   one\n  </option>\n  <option value="2">\n   two\n  </option>\n </select>\n</div>\n<div>\n <label class="field_opt" for="Manual--d">\n  D\n </label>\n <textarea cols="80" id="Manual--d" name="Manual--d" rows="10">\n </textarea>\n</div>')
----------------------------------------------------------------------
File "c:\Development\Workspace\formalchemy\formalchemy\tests\test_manual.py", line 52, in test_manual
Failed example:
    print t.render()
Exception raised:
    Traceback (most recent call last):
      File "C:\Development\Python27\lib\doctest.py", line 1254, in __run
        compileflags, 1) in test.globs
      File "<doctest test_manual[7]>", line 1, in <module>
        print t.render()
      File "c:\Development\Workspace\formalchemy\formalchemy\tests\__init__.py", line 372, in render
        assert html == html_engine, (name, html, html_engine)
    AssertionError: ('tempita', '# -*- coding: utf-8 -*-\n<tbody>\n <tr>\n  <td class="field_readonly">\n   A:\n  </td>\n  <td>\n  </td>\n </tr>\n <tr>\n  <td class="field_readonly">\n   B:\n  </td>\n  <td>\n   one, two\n  </td>\n </tr>\n</tbody>', '<tbody>\n <tr>\n  <td class="field_readonly">\n   A:\n  </td>\n  <td>\n  </td>\n </tr>\n <tr>\n  <td class="field_readonly">\n   B:\n  </td>\n  <td>\n   one, two\n  </td>\n </tr>\n</tbody>')

>>  raise self.failureException(self.format_failure(<StringIO.StringIO instance at 0x0000000003EF29C8>.getvalue()))
    
]]></failure></testcase><testcase classname="formalchemy.tests.test_manual" name="test_manual2" time="0"><failure type="exceptions.AssertionError" message="Failed doctest test for test_manual2&#10;  File &quot;c:\Development\Workspace\formalchemy\formalchemy\tests\test_manual.py&quot;, line 80, in test_manual2&#10;&#10;----------------------------------------------------------------------&#10;File &quot;c:\Development\Workspace\formalchemy\formalchemy\tests\test_manual.py&quot;, line 83, in test_manual2&#10;Failed example:&#10;    print fs.render() #doctest: +ELLIPSIS&#10;Exception raised:&#10;    Traceback (most recent call last):&#10;      File &quot;C:\Development\Python27\lib\doctest.py&quot;, line 1254, in __run&#10;        compileflags, 1) in test.globs&#10;      File &quot;&lt;doctest test_manual2[1]&gt;&quot;, line 1, in &lt;module&gt;&#10;        print fs.render() #doctest: +ELLIPSIS&#10;      File &quot;c:\Development\Workspace\formalchemy\formalchemy\tests\__init__.py&quot;, line 379, in render&#10;        assert html == html_engine, (name, html, html_engine)&#10;    AssertionError: ('tempita', '# -*- coding: utf-8 -*-\n&lt;div&gt;\n &lt;label class=&quot;field_req&quot; for=&quot;ReportByUserForm--from_date&quot;&gt;\n  From date\n &lt;/label&gt;\n &lt;span id=&quot;ReportByUserForm--from_date&quot;&gt;\n  &lt;select id=&quot;ReportByUserForm--from_date__month&quot; name=&quot;ReportByUserForm--from_date__month&quot;&gt;\n   &lt;option selected=&quot;selected&quot; value=&quot;MM&quot;&gt;\n    Month\n   &lt;/option&gt;\n   &lt;option value=&quot;1&quot;&gt;\n    January\n   &lt;/option&gt;\n   &lt;option value=&quot;2&quot;&gt;\n    February\n   &lt;/option&gt;\n   &lt;option value=&quot;3&quot;&gt;\n    March\n   &lt;/option&gt;\n   &lt;option value=&quot;4&quot;&gt;\n    April\n   &lt;/option&gt;\n   &lt;option value=&quot;5&quot;&gt;\n    May\n   &lt;/option&gt;\n   &lt;option value=&quot;6&quot;&gt;\n    June\n   &lt;/option&gt;\n   &lt;option value=&quot;7&quot;&gt;\n    July\n   &lt;/option&gt;\n   &lt;option value=&quot;8&quot;&gt;\n    August\n   &lt;/option&gt;\n   &lt;option value=&quot;9&quot;&gt;\n    September\n   &lt;/option&gt;\n   &lt;option value=&quot;10&quot;&gt;\n    October\n   &lt;/option&gt;\n   &lt;option value=&quot;11&quot;&gt;\n    November\n   &lt;/option&gt;\n   &lt;option value=&quot;12&quot;&gt;\n    December\n   &lt;/option&gt;\n  &lt;/select&gt;\n  &lt;select id=&quot;ReportByUserForm--from_date__day&quot; name=&quot;ReportByUserForm--from_date__day&quot;&gt;\n   &lt;option selected=&quot;selected&quot; value=&quot;DD&quot;&gt;\n    Day\n   &lt;/option&gt;\n   &lt;option value=&quot;1&quot;&gt;\n    1\n   &lt;/option&gt;\n   &lt;option value=&quot;2&quot;&gt;\n    2\n   &lt;/option&gt;\n   &lt;option value=&quot;3&quot;&gt;\n    3\n   &lt;/option&gt;\n   &lt;option value=&quot;4&quot;&gt;\n    4\n   &lt;/option&gt;\n   &lt;option value=&quot;5&quot;&gt;\n    5\n   &lt;/option&gt;\n   &lt;option value=&quot;6&quot;&gt;\n    6\n   &lt;/option&gt;\n   &lt;option value=&quot;7&quot;&gt;\n    7\n   &lt;/option&gt;\n   &lt;option value=&quot;8&quot;&gt;\n    8\n   &lt;/option&gt;\n   &lt;option value=&quot;9&quot;&gt;\n    9\n   &lt;/option&gt;\n   &lt;option value=&quot;10&quot;&gt;\n    10\n   &lt;/option&gt;\n   &lt;option value=&quot;11&quot;&gt;\n    11\n   &lt;/option&gt;\n   &lt;option value=&quot;12&quot;&gt;\n    12\n   &lt;/option&gt;\n   &lt;option value=&quot;13&quot;&gt;\n    13\n   &lt;/option&gt;\n   &lt;option value=&quot;14&quot;&gt;\n    14\n   &lt;/option&gt;\n   &lt;option value=&quot;15&quot;&gt;\n    15\n   &lt;/option&gt;\n   &lt;option value=&quot;16&quot;&gt;\n    16\n   &lt;/option&gt;\n   &lt;option value=&quot;17&quot;&gt;\n    17\n   &lt;/option&gt;\n   &lt;option value=&quot;18&quot;&gt;\n    18\n   &lt;/option&gt;\n   &lt;option value=&quot;19&quot;&gt;\n    19\n   &lt;/option&gt;\n   &lt;option value=&quot;20&quot;&gt;\n    20\n   &lt;/option&gt;\n   &lt;option value=&quot;21&quot;&gt;\n    21\n   &lt;/option&gt;\n   &lt;option value=&quot;22&quot;&gt;\n    22\n   &lt;/option&gt;\n   &lt;option value=&quot;23&quot;&gt;\n    23\n   &lt;/option&gt;\n   &lt;option value=&quot;24&quot;&gt;\n    24\n   &lt;/option&gt;\n   &lt;option value=&quot;25&quot;&gt;\n    25\n   &lt;/option&gt;\n   &lt;option value=&quot;26&quot;&gt;\n    26\n   &lt;/option&gt;\n   &lt;option value=&quot;27&quot;&gt;\n    27\n   &lt;/option&gt;\n   &lt;option value=&quot;28&quot;&gt;\n    28\n   &lt;/option&gt;\n   &lt;option value=&quot;29&quot;&gt;\n    29\n   &lt;/option&gt;\n   &lt;option value=&quot;30&quot;&gt;\n    30\n   &lt;/option&gt;\n   &lt;option value=&quot;31&quot;&gt;\n    31\n   &lt;/option&gt;\n  &lt;/select&gt;\n  &lt;input id=&quot;ReportByUserForm--from_date__year&quot; maxlength=&quot;4&quot; name=&quot;ReportByUserForm--from_date__year&quot; size=&quot;4&quot; type=&quot;text&quot; value=&quot;YYYY&quot; /&gt;\n &lt;/span&gt;\n&lt;/div&gt;\n&lt;script type=&quot;text/javascript&quot;&gt;\n //&lt;![CDATA[\r\ndocument.getElementById(&quot;ReportByUserForm--from_date&quot;).focus();\r\n//]]&gt;\n&lt;/script&gt;\n&lt;div&gt;\n &lt;label class=&quot;field_req&quot; for=&quot;ReportByUserForm--to_date&quot;&gt;\n  To date\n &lt;/label&gt;\n &lt;span id=&quot;ReportByUserForm--to_date&quot;&gt;\n  &lt;select id=&quot;ReportByUserForm--to_date__month&quot; name=&quot;ReportByUserForm--to_date__month&quot;&gt;\n   &lt;option selected=&quot;selected&quot; value=&quot;MM&quot;&gt;\n    Month\n   &lt;/option&gt;\n   &lt;option value=&quot;1&quot;&gt;\n    January\n   &lt;/option&gt;\n   &lt;option value=&quot;2&quot;&gt;\n    February\n   &lt;/option&gt;\n   &lt;option value=&quot;3&quot;&gt;\n    March\n   &lt;/option&gt;\n   &lt;option value=&quot;4&quot;&gt;\n    April\n   &lt;/option&gt;\n   &lt;option value=&quot;5&quot;&gt;\n    May\n   &lt;/option&gt;\n   &lt;option value=&quot;6&quot;&gt;\n    June\n   &lt;/option&gt;\n   &lt;option value=&quot;7&quot;&gt;\n    July\n   &lt;/option&gt;\n   &lt;option value=&quot;8&quot;&gt;\n    August\n   &lt;/option&gt;\n   &lt;option value=&quot;9&quot;&gt;\n    September\n   &lt;/option&gt;\n   &lt;option value=&quot;10&quot;&gt;\n    October\n   &lt;/option&gt;\n   &lt;option value=&quot;11&quot;&gt;\n    November\n   &lt;/option&gt;\n   &lt;option value=&quot;12&quot;&gt;\n    December\n   &lt;/option&gt;\n  &lt;/select&gt;\n  &lt;select id=&quot;ReportByUserForm--to_date__day&quot; name=&quot;ReportByUserForm--to_date__day&quot;&gt;\n   &lt;option selected=&quot;selected&quot; value=&quot;DD&quot;&gt;\n    Day\n   &lt;/option&gt;\n   &lt;option value=&quot;1&quot;&gt;\n    1\n   &lt;/option&gt;\n   &lt;option value=&quot;2&quot;&gt;\n    2\n   &lt;/option&gt;\n   &lt;option value=&quot;3&quot;&gt;\n    3\n   &lt;/option&gt;\n   &lt;option value=&quot;4&quot;&gt;\n    4\n   &lt;/option&gt;\n   &lt;option value=&quot;5&quot;&gt;\n    5\n   &lt;/option&gt;\n   &lt;option value=&quot;6&quot;&gt;\n    6\n   &lt;/option&gt;\n   &lt;option value=&quot;7&quot;&gt;\n    7\n   &lt;/option&gt;\n   &lt;option value=&quot;8&quot;&gt;\n    8\n   &lt;/option&gt;\n   &lt;option value=&quot;9&quot;&gt;\n    9\n   &lt;/option&gt;\n   &lt;option value=&quot;10&quot;&gt;\n    10\n   &lt;/option&gt;\n   &lt;option value=&quot;11&quot;&gt;\n    11\n   &lt;/option&gt;\n   &lt;option value=&quot;12&quot;&gt;\n    12\n   &lt;/option&gt;\n   &lt;option value=&quot;13&quot;&gt;\n    13\n   &lt;/option&gt;\n   &lt;option value=&quot;14&quot;&gt;\n    14\n   &lt;/option&gt;\n   &lt;option value=&quot;15&quot;&gt;\n    15\n   &lt;/option&gt;\n   &lt;option value=&quot;16&quot;&gt;\n    16\n   &lt;/option&gt;\n   &lt;option value=&quot;17&quot;&gt;\n    17\n   &lt;/option&gt;\n   &lt;option value=&quot;18&quot;&gt;\n    18\n   &lt;/option&gt;\n   &lt;option value=&quot;19&quot;&gt;\n    19\n   &lt;/option&gt;\n   &lt;option value=&quot;20&quot;&gt;\n    20\n   &lt;/option&gt;\n   &lt;option value=&quot;21&quot;&gt;\n    21\n   &lt;/option&gt;\n   &lt;option value=&quot;22&quot;&gt;\n    22\n   &lt;/option&gt;\n   &lt;option value=&quot;23&quot;&gt;\n    23\n   &lt;/option&gt;\n   &lt;option value=&quot;24&quot;&gt;\n    24\n   &lt;/option&gt;\n   &lt;option value=&quot;25&quot;&gt;\n    25\n   &lt;/option&gt;\n   &lt;option value=&quot;26&quot;&gt;\n    26\n   &lt;/option&gt;\n   &lt;option value=&quot;27&quot;&gt;\n    27\n   &lt;/option&gt;\n   &lt;option value=&quot;28&quot;&gt;\n    28\n   &lt;/option&gt;\n   &lt;option value=&quot;29&quot;&gt;\n    29\n   &lt;/option&gt;\n   &lt;option value=&quot;30&quot;&gt;\n    30\n   &lt;/option&gt;\n   &lt;option value=&quot;31&quot;&gt;\n    31\n   &lt;/option&gt;\n  &lt;/select&gt;\n  &lt;input id=&quot;ReportByUserForm--to_date__year&quot; maxlength=&quot;4&quot; name=&quot;ReportByUserForm--to_date__year&quot; size=&quot;4&quot; type=&quot;text&quot; value=&quot;YYYY&quot; /&gt;\n &lt;/span&gt;\n&lt;/div&gt;\n&lt;div&gt;\n &lt;label class=&quot;field_opt&quot; for=&quot;ReportByUserForm--user_id&quot;&gt;\n  User id\n &lt;/label&gt;\n &lt;input id=&quot;ReportByUserForm--user_id&quot; name=&quot;ReportByUserForm--user_id&quot; type=&quot;text&quot; /&gt;\n&lt;/div&gt;', '&lt;div&gt;\n &lt;label class=&quot;field_req&quot; for=&quot;ReportByUserForm--from_date&quot;&gt;\n  From date\n &lt;/label&gt;\n &lt;span id=&quot;ReportByUserForm--from_date&quot;&gt;\n  &lt;select id=&quot;ReportByUserForm--from_date__month&quot; name=&quot;ReportByUserForm--from_date__month&quot;&gt;\n   &lt;option selected=&quot;selected&quot; value=&quot;MM&quot;&gt;\n    Month\n   &lt;/option&gt;\n   &lt;option value=&quot;1&quot;&gt;\n    January\n   &lt;/option&gt;\n   &lt;option value=&quot;2&quot;&gt;\n    February\n   &lt;/option&gt;\n   &lt;option value=&quot;3&quot;&gt;\n    March\n   &lt;/option&gt;\n   &lt;option value=&quot;4&quot;&gt;\n    April\n   &lt;/option&gt;\n   &lt;option value=&quot;5&quot;&gt;\n    May\n   &lt;/option&gt;\n   &lt;option value=&quot;6&quot;&gt;\n    June\n   &lt;/option&gt;\n   &lt;option value=&quot;7&quot;&gt;\n    July\n   &lt;/option&gt;\n   &lt;option value=&quot;8&quot;&gt;\n    August\n   &lt;/option&gt;\n   &lt;option value=&quot;9&quot;&gt;\n    September\n   &lt;/option&gt;\n   &lt;option value=&quot;10&quot;&gt;\n    October\n   &lt;/option&gt;\n   &lt;option value=&quot;11&quot;&gt;\n    November\n   &lt;/option&gt;\n   &lt;option value=&quot;12&quot;&gt;\n    December\n   &lt;/option&gt;\n  &lt;/select&gt;\n  &lt;select id=&quot;ReportByUserForm--from_date__day&quot; name=&quot;ReportByUserForm--from_date__day&quot;&gt;\n   &lt;option selected=&quot;selected&quot; value=&quot;DD&quot;&gt;\n    Day\n   &lt;/option&gt;\n   &lt;option value=&quot;1&quot;&gt;\n    1\n   &lt;/option&gt;\n   &lt;option value=&quot;2&quot;&gt;\n    2\n   &lt;/option&gt;\n   &lt;option value=&quot;3&quot;&gt;\n    3\n   &lt;/option&gt;\n   &lt;option value=&quot;4&quot;&gt;\n    4\n   &lt;/option&gt;\n   &lt;option value=&quot;5&quot;&gt;\n    5\n   &lt;/option&gt;\n   &lt;option value=&quot;6&quot;&gt;\n    6\n   &lt;/option&gt;\n   &lt;option value=&quot;7&quot;&gt;\n    7\n   &lt;/option&gt;\n   &lt;option value=&quot;8&quot;&gt;\n    8\n   &lt;/option&gt;\n   &lt;option value=&quot;9&quot;&gt;\n    9\n   &lt;/option&gt;\n   &lt;option value=&quot;10&quot;&gt;\n    10\n   &lt;/option&gt;\n   &lt;option value=&quot;11&quot;&gt;\n    11\n   &lt;/option&gt;\n   &lt;option value=&quot;12&quot;&gt;\n    12\n   &lt;/option&gt;\n   &lt;option value=&quot;13&quot;&gt;\n    13\n   &lt;/option&gt;\n   &lt;option value=&quot;14&quot;&gt;\n    14\n   &lt;/option&gt;\n   &lt;option value=&quot;15&quot;&gt;\n    15\n   &lt;/option&gt;\n   &lt;option value=&quot;16&quot;&gt;\n    16\n   &lt;/option&gt;\n   &lt;option value=&quot;17&quot;&gt;\n    17\n   &lt;/option&gt;\n   &lt;option value=&quot;18&quot;&gt;\n    18\n   &lt;/option&gt;\n   &lt;option value=&quot;19&quot;&gt;\n    19\n   &lt;/option&gt;\n   &lt;option value=&quot;20&quot;&gt;\n    20\n   &lt;/option&gt;\n   &lt;option value=&quot;21&quot;&gt;\n    21\n   &lt;/option&gt;\n   &lt;option value=&quot;22&quot;&gt;\n    22\n   &lt;/option&gt;\n   &lt;option value=&quot;23&quot;&gt;\n    23\n   &lt;/option&gt;\n   &lt;option value=&quot;24&quot;&gt;\n    24\n   &lt;/option&gt;\n   &lt;option value=&quot;25&quot;&gt;\n    25\n   &lt;/option&gt;\n   &lt;option value=&quot;26&quot;&gt;\n    26\n   &lt;/option&gt;\n   &lt;option value=&quot;27&quot;&gt;\n    27\n   &lt;/option&gt;\n   &lt;option value=&quot;28&quot;&gt;\n    28\n   &lt;/option&gt;\n   &lt;option value=&quot;29&quot;&gt;\n    29\n   &lt;/option&gt;\n   &lt;option value=&quot;30&quot;&gt;\n    30\n   &lt;/option&gt;\n   &lt;option value=&quot;31&quot;&gt;\n    31\n   &lt;/option&gt;\n  &lt;/select&gt;\n  &lt;input id=&quot;ReportByUserForm--from_date__year&quot; maxlength=&quot;4&quot; name=&quot;ReportByUserForm--from_date__year&quot; size=&quot;4&quot; type=&quot;text&quot; value=&quot;YYYY&quot; /&gt;\n &lt;/span&gt;\n&lt;/div&gt;\n&lt;script type=&quot;text/javascript&quot;&gt;\n //&lt;![CDATA[\r\ndocument.getElementById(&quot;ReportByUserForm--from_date&quot;).focus();\r\n//]]&gt;\n&lt;/script&gt;\n&lt;div&gt;\n &lt;label class=&quot;field_req&quot; for=&quot;ReportByUserForm--to_date&quot;&gt;\n  To date\n &lt;/label&gt;\n &lt;span id=&quot;ReportByUserForm--to_date&quot;&gt;\n  &lt;select id=&quot;ReportByUserForm--to_date__month&quot; name=&quot;ReportByUserForm--to_date__month&quot;&gt;\n   &lt;option selected=&quot;selected&quot; value=&quot;MM&quot;&gt;\n    Month\n   &lt;/option&gt;\n   &lt;option value=&quot;1&quot;&gt;\n    January\n   &lt;/option&gt;\n   &lt;option value=&quot;2&quot;&gt;\n    February\n   &lt;/option&gt;\n   &lt;option value=&quot;3&quot;&gt;\n    March\n   &lt;/option&gt;\n   &lt;option value=&quot;4&quot;&gt;\n    April\n   &lt;/option&gt;\n   &lt;option value=&quot;5&quot;&gt;\n    May\n   &lt;/option&gt;\n   &lt;option value=&quot;6&quot;&gt;\n    June\n   &lt;/option&gt;\n   &lt;option value=&quot;7&quot;&gt;\n    July\n   &lt;/option&gt;\n   &lt;option value=&quot;8&quot;&gt;\n    August\n   &lt;/option&gt;\n   &lt;option value=&quot;9&quot;&gt;\n    September\n   &lt;/option&gt;\n   &lt;option value=&quot;10&quot;&gt;\n    October\n   &lt;/option&gt;\n   &lt;option value=&quot;11&quot;&gt;\n    November\n   &lt;/option&gt;\n   &lt;option value=&quot;12&quot;&gt;\n    December\n   &lt;/option&gt;\n  &lt;/select&gt;\n  &lt;select id=&quot;ReportByUserForm--to_date__day&quot; name=&quot;ReportByUserForm--to_date__day&quot;&gt;\n   &lt;option selected=&quot;selected&quot; value=&quot;DD&quot;&gt;\n    Day\n   &lt;/option&gt;\n   &lt;option value=&quot;1&quot;&gt;\n    1\n   &lt;/option&gt;\n   &lt;option value=&quot;2&quot;&gt;\n    2\n   &lt;/option&gt;\n   &lt;option value=&quot;3&quot;&gt;\n    3\n   &lt;/option&gt;\n   &lt;option value=&quot;4&quot;&gt;\n    4\n   &lt;/option&gt;\n   &lt;option value=&quot;5&quot;&gt;\n    5\n   &lt;/option&gt;\n   &lt;option value=&quot;6&quot;&gt;\n    6\n   &lt;/option&gt;\n   &lt;option value=&quot;7&quot;&gt;\n    7\n   &lt;/option&gt;\n   &lt;option value=&quot;8&quot;&gt;\n    8\n   &lt;/option&gt;\n   &lt;option value=&quot;9&quot;&gt;\n    9\n   &lt;/option&gt;\n   &lt;option value=&quot;10&quot;&gt;\n    10\n   &lt;/option&gt;\n   &lt;option value=&quot;11&quot;&gt;\n    11\n   &lt;/option&gt;\n   &lt;option value=&quot;12&quot;&gt;\n    12\n   &lt;/option&gt;\n   &lt;option value=&quot;13&quot;&gt;\n    13\n   &lt;/option&gt;\n   &lt;option value=&quot;14&quot;&gt;\n    14\n   &lt;/option&gt;\n   &lt;option value=&quot;15&quot;&gt;\n    15\n   &lt;/option&gt;\n   &lt;option value=&quot;16&quot;&gt;\n    16\n   &lt;/option&gt;\n   &lt;option value=&quot;17&quot;&gt;\n    17\n   &lt;/option&gt;\n   &lt;option value=&quot;18&quot;&gt;\n    18\n   &lt;/option&gt;\n   &lt;option value=&quot;19&quot;&gt;\n    19\n   &lt;/option&gt;\n   &lt;option value=&quot;20&quot;&gt;\n    20\n   &lt;/option&gt;\n   &lt;option value=&quot;21&quot;&gt;\n    21\n   &lt;/option&gt;\n   &lt;option value=&quot;22&quot;&gt;\n    22\n   &lt;/option&gt;\n   &lt;option value=&quot;23&quot;&gt;\n    23\n   &lt;/option&gt;\n   &lt;option value=&quot;24&quot;&gt;\n    24\n   &lt;/option&gt;\n   &lt;option value=&quot;25&quot;&gt;\n    25\n   &lt;/option&gt;\n   &lt;option value=&quot;26&quot;&gt;\n    26\n   &lt;/option&gt;\n   &lt;option value=&quot;27&quot;&gt;\n    27\n   &lt;/option&gt;\n   &lt;option value=&quot;28&quot;&gt;\n    28\n   &lt;/option&gt;\n   &lt;option value=&quot;29&quot;&gt;\n    29\n   &lt;/option&gt;\n   &lt;option value=&quot;30&quot;&gt;\n    30\n   &lt;/option&gt;\n   &lt;option value=&quot;31&quot;&gt;\n    31\n   &lt;/option&gt;\n  &lt;/select&gt;\n  &lt;input id=&quot;ReportByUserForm--to_date__year&quot; maxlength=&quot;4&quot; name=&quot;ReportByUserForm--to_date__year&quot; size=&quot;4&quot; type=&quot;text&quot; value=&quot;YYYY&quot; /&gt;\n &lt;/span&gt;\n&lt;/div&gt;\n&lt;div&gt;\n &lt;label class=&quot;field_opt&quot; for=&quot;ReportByUserForm--user_id&quot;&gt;\n  User id\n &lt;/label&gt;\n &lt;input id=&quot;ReportByUserForm--user_id&quot; name=&quot;ReportByUserForm--user_id&quot; type=&quot;text&quot; /&gt;\n&lt;/div&gt;')&#10;&#10;&gt;&gt;  raise self.failureException(self.format_failure(&lt;StringIO.StringIO instance at 0x0000000003EF2BC8&gt;.getvalue()))&#10;    "><![CDATA[Traceback (most recent call last):
  File "C:\Development\Python27\lib\unittest\case.py", line 318, in run
    testMethod()
  File "C:\Development\Python27\lib\doctest.py", line 2166, in runTest
    raise self.failureException(self.format_failure(new.getvalue()))
AssertionError: Failed doctest test for test_manual2
  File "c:\Development\Workspace\formalchemy\formalchemy\tests\test_manual.py", line 80, in test_manual2

----------------------------------------------------------------------
File "c:\Development\Workspace\formalchemy\formalchemy\tests\test_manual.py", line 83, in test_manual2
Failed example:
    print fs.render() #doctest: +ELLIPSIS
Exception raised:
    Traceback (most recent call last):
      File "C:\Development\Python27\lib\doctest.py", line 1254, in __run
        compileflags, 1) in test.globs
      File "<doctest test_manual2[1]>", line 1, in <module>
        print fs.render() #doctest: +ELLIPSIS
      File "c:\Development\Workspace\formalchemy\formalchemy\tests\__init__.py", line 379, in render
        assert html == html_engine, (name, html, html_engine)
    AssertionError: ('tempita', '# -*- coding: utf-8 -*-\n<div>\n <label class="field_req" for="ReportByUserForm--from_date">\n  From date\n </label>\n <span id="ReportByUserForm--from_date">\n  <select id="ReportByUserForm--from_date__month" name="ReportByUserForm--from_date__month">\n   <option selected="selected" value="MM">\n    Month\n   </option>\n   <option value="1">\n    January\n   </option>\n   <option value="2">\n    February\n   </option>\n   <option value="3">\n    March\n   </option>\n   <option value="4">\n    April\n   </option>\n   <option value="5">\n    May\n   </option>\n   <option value="6">\n    June\n   </option>\n   <option value="7">\n    July\n   </option>\n   <option value="8">\n    August\n   </option>\n   <option value="9">\n    September\n   </option>\n   <option value="10">\n    October\n   </option>\n   <option value="11">\n    November\n   </option>\n   <option value="12">\n    December\n   </option>\n  </select>\n  <select id="ReportByUserForm--from_date__day" name="ReportByUserForm--from_date__day">\n   <option selected="selected" value="DD">\n    Day\n   </option>\n   <option value="1">\n    1\n   </option>\n   <option value="2">\n    2\n   </option>\n   <option value="3">\n    3\n   </option>\n   <option value="4">\n    4\n   </option>\n   <option value="5">\n    5\n   </option>\n   <option value="6">\n    6\n   </option>\n   <option value="7">\n    7\n   </option>\n   <option value="8">\n    8\n   </option>\n   <option value="9">\n    9\n   </option>\n   <option value="10">\n    10\n   </option>\n   <option value="11">\n    11\n   </option>\n   <option value="12">\n    12\n   </option>\n   <option value="13">\n    13\n   </option>\n   <option value="14">\n    14\n   </option>\n   <option value="15">\n    15\n   </option>\n   <option value="16">\n    16\n   </option>\n   <option value="17">\n    17\n   </option>\n   <option value="18">\n    18\n   </option>\n   <option value="19">\n    19\n   </option>\n   <option value="20">\n    20\n   </option>\n   <option value="21">\n    21\n   </option>\n   <option value="22">\n    22\n   </option>\n   <option value="23">\n    23\n   </option>\n   <option value="24">\n    24\n   </option>\n   <option value="25">\n    25\n   </option>\n   <option value="26">\n    26\n   </option>\n   <option value="27">\n    27\n   </option>\n   <option value="28">\n    28\n   </option>\n   <option value="29">\n    29\n   </option>\n   <option value="30">\n    30\n   </option>\n   <option value="31">\n    31\n   </option>\n  </select>\n  <input id="ReportByUserForm--from_date__year" maxlength="4" name="ReportByUserForm--from_date__year" size="4" type="text" value="YYYY" />\n </span>\n</div>\n<script type="text/javascript">\n //<![CDATA[\r\ndocument.getElementById("ReportByUserForm--from_date").focus();\r\n//]]>]]&gt;<![CDATA[\n</script>\n<div>\n <label class="field_req" for="ReportByUserForm--to_date">\n  To date\n </label>\n <span id="ReportByUserForm--to_date">\n  <select id="ReportByUserForm--to_date__month" name="ReportByUserForm--to_date__month">\n   <option selected="selected" value="MM">\n    Month\n   </option>\n   <option value="1">\n    January\n   </option>\n   <option value="2">\n    February\n   </option>\n   <option value="3">\n    March\n   </option>\n   <option value="4">\n    April\n   </option>\n   <option value="5">\n    May\n   </option>\n   <option value="6">\n    June\n   </option>\n   <option value="7">\n    July\n   </option>\n   <option value="8">\n    August\n   </option>\n   <option value="9">\n    September\n   </option>\n   <option value="10">\n    October\n   </option>\n   <option value="11">\n    November\n   </option>\n   <option value="12">\n    December\n   </option>\n  </select>\n  <select id="ReportByUserForm--to_date__day" name="ReportByUserForm--to_date__day">\n   <option selected="selected" value="DD">\n    Day\n   </option>\n   <option value="1">\n    1\n   </option>\n   <option value="2">\n    2\n   </option>\n   <option value="3">\n    3\n   </option>\n   <option value="4">\n    4\n   </option>\n   <option value="5">\n    5\n   </option>\n   <option value="6">\n    6\n   </option>\n   <option value="7">\n    7\n   </option>\n   <option value="8">\n    8\n   </option>\n   <option value="9">\n    9\n   </option>\n   <option value="10">\n    10\n   </option>\n   <option value="11">\n    11\n   </option>\n   <option value="12">\n    12\n   </option>\n   <option value="13">\n    13\n   </option>\n   <option value="14">\n    14\n   </option>\n   <option value="15">\n    15\n   </option>\n   <option value="16">\n    16\n   </option>\n   <option value="17">\n    17\n   </option>\n   <option value="18">\n    18\n   </option>\n   <option value="19">\n    19\n   </option>\n   <option value="20">\n    20\n   </option>\n   <option value="21">\n    21\n   </option>\n   <option value="22">\n    22\n   </option>\n   <option value="23">\n    23\n   </option>\n   <option value="24">\n    24\n   </option>\n   <option value="25">\n    25\n   </option>\n   <option value="26">\n    26\n   </option>\n   <option value="27">\n    27\n   </option>\n   <option value="28">\n    28\n   </option>\n   <option value="29">\n    29\n   </option>\n   <option value="30">\n    30\n   </option>\n   <option value="31">\n    31\n   </option>\n  </select>\n  <input id="ReportByUserForm--to_date__year" maxlength="4" name="ReportByUserForm--to_date__year" size="4" type="text" value="YYYY" />\n </span>\n</div>\n<div>\n <label class="field_opt" for="ReportByUserForm--user_id">\n  User id\n </label>\n <input id="ReportByUserForm--user_id" name="ReportByUserForm--user_id" type="text" />\n</div>', '<div>\n <label class="field_req" for="ReportByUserForm--from_date">\n  From date\n </label>\n <span id="ReportByUserForm--from_date">\n  <select id="ReportByUserForm--from_date__month" name="ReportByUserForm--from_date__month">\n   <option selected="selected" value="MM">\n    Month\n   </option>\n   <option value="1">\n    January\n   </option>\n   <option value="2">\n    February\n   </option>\n   <option value="3">\n    March\n   </option>\n   <option value="4">\n    April\n   </option>\n   <option value="5">\n    May\n   </option>\n   <option value="6">\n    June\n   </option>\n   <option value="7">\n    July\n   </option>\n   <option value="8">\n    August\n   </option>\n   <option value="9">\n    September\n   </option>\n   <option value="10">\n    October\n   </option>\n   <option value="11">\n    November\n   </option>\n   <option value="12">\n    December\n   </option>\n  </select>\n  <select id="ReportByUserForm--from_date__day" name="ReportByUserForm--from_date__day">\n   <option selected="selected" value="DD">\n    Day\n   </option>\n   <option value="1">\n    1\n   </option>\n   <option value="2">\n    2\n   </option>\n   <option value="3">\n    3\n   </option>\n   <option value="4">\n    4\n   </option>\n   <option value="5">\n    5\n   </option>\n   <option value="6">\n    6\n   </option>\n   <option value="7">\n    7\n   </option>\n   <option value="8">\n    8\n   </option>\n   <option value="9">\n    9\n   </option>\n   <option value="10">\n    10\n   </option>\n   <option value="11">\n    11\n   </option>\n   <option value="12">\n    12\n   </option>\n   <option value="13">\n    13\n   </option>\n   <option value="14">\n    14\n   </option>\n   <option value="15">\n    15\n   </option>\n   <option value="16">\n    16\n   </option>\n   <option value="17">\n    17\n   </option>\n   <option value="18">\n    18\n   </option>\n   <option value="19">\n    19\n   </option>\n   <option value="20">\n    20\n   </option>\n   <option value="21">\n    21\n   </option>\n   <option value="22">\n    22\n   </option>\n   <option value="23">\n    23\n   </option>\n   <option value="24">\n    24\n   </option>\n   <option value="25">\n    25\n   </option>\n   <option value="26">\n    26\n   </option>\n   <option value="27">\n    27\n   </option>\n   <option value="28">\n    28\n   </option>\n   <option value="29">\n    29\n   </option>\n   <option value="30">\n    30\n   </option>\n   <option value="31">\n    31\n   </option>\n  </select>\n  <input id="ReportByUserForm--from_date__year" maxlength="4" name="ReportByUserForm--from_date__year" size="4" type="text" value="YYYY" />\n </span>\n</div>\n<script type="text/javascript">\n //<![CDATA[\r\ndocument.getElementById("ReportByUserForm--from_date").focus();\r\n//]]>]]&gt;<![CDATA[\n</script>\n<div>\n <label class="field_req" for="ReportByUserForm--to_date">\n  To date\n </label>\n <span id="ReportByUserForm--to_date">\n  <select id="ReportByUserForm--to_date__month" name="ReportByUserForm--to_date__month">\n   <option selected="selected" value="MM">\n    Month\n   </option>\n   <option value="1">\n    January\n   </option>\n   <option value="2">\n    February\n   </option>\n   <option value="3">\n    March\n   </option>\n   <option value="4">\n    April\n   </option>\n   <option value="5">\n    May\n   </option>\n   <option value="6">\n    June\n   </option>\n   <option value="7">\n    July\n   </option>\n   <option value="8">\n    August\n   </option>\n   <option value="9">\n    September\n   </option>\n   <option value="10">\n    October\n   </option>\n   <option value="11">\n    November\n   </option>\n   <option value="12">\n    December\n   </option>\n  </select>\n  <select id="ReportByUserForm--to_date__day" name="ReportByUserForm--to_date__day">\n   <option selected="selected" value="DD">\n    Day\n   </option>\n   <option value="1">\n    1\n   </option>\n   <option value="2">\n    2\n   </option>\n   <option value="3">\n    3\n   </option>\n   <option value="4">\n    4\n   </option>\n   <option value="5">\n    5\n   </option>\n   <option value="6">\n    6\n   </option>\n   <option value="7">\n    7\n   </option>\n   <option value="8">\n    8\n   </option>\n   <option value="9">\n    9\n   </option>\n   <option value="10">\n    10\n   </option>\n   <option value="11">\n    11\n   </option>\n   <option value="12">\n    12\n   </option>\n   <option value="13">\n    13\n   </option>\n   <option value="14">\n    14\n   </option>\n   <option value="15">\n    15\n   </option>\n   <option value="16">\n    16\n   </option>\n   <option value="17">\n    17\n   </option>\n   <option value="18">\n    18\n   </option>\n   <option value="19">\n    19\n   </option>\n   <option value="20">\n    20\n   </option>\n   <option value="21">\n    21\n   </option>\n   <option value="22">\n    22\n   </option>\n   <option value="23">\n    23\n   </option>\n   <option value="24">\n    24\n   </option>\n   <option value="25">\n    25\n   </option>\n   <option value="26">\n    26\n   </option>\n   <option value="27">\n    27\n   </option>\n   <option value="28">\n    28\n   </option>\n   <option value="29">\n    29\n   </option>\n   <option value="30">\n    30\n   </option>\n   <option value="31">\n    31\n   </option>\n  </select>\n  <input id="ReportByUserForm--to_date__year" maxlength="4" name="ReportByUserForm--to_date__year" size="4" type="text" value="YYYY" />\n </span>\n</div>\n<div>\n <label class="field_opt" for="ReportByUserForm--user_id">\n  User id\n </label>\n <input id="ReportByUserForm--user_id" name="ReportByUserForm--user_id" type="text" />\n</div>')

>>  raise self.failureException(self.format_failure(<StringIO.StringIO instance at 0x0000000003EF2BC8>.getvalue()))
    
]]></failure></testcase><testcase classname="formalchemy.tests.test_misc.TestAbstractField" name="test_errors" time="0" /><testcase classname="formalchemy.tests.test_misc.TestAbstractField" name="test_not_implemented" time="0" /><testcase classname="formalchemy.tests.test_misc.TestUtils" name="test_deserialize_once" time="0" /><testcase classname="formalchemy.tests.test_misc.TestUtils" name="test_htmlify" time="0" /><testcase classname="formalchemy.tests.test_multiple_keys" name="test_renderer_names" time="0"><failure type="exceptions.AssertionError" message="Failed doctest test for test_renderer_names&#10;  File &quot;c:\Development\Workspace\formalchemy\formalchemy\tests\test_multiple_keys.py&quot;, line 4, in test_renderer_names&#10;&#10;----------------------------------------------------------------------&#10;File &quot;c:\Development\Workspace\formalchemy\formalchemy\tests\test_multiple_keys.py&quot;, line 20, in test_renderer_names&#10;Failed example:&#10;    print fs.render()&#10;Exception raised:&#10;    Traceback (most recent call last):&#10;      File &quot;C:\Development\Python27\lib\doctest.py&quot;, line 1254, in __run&#10;        compileflags, 1) in test.globs&#10;      File &quot;&lt;doctest test_renderer_names[6]&gt;&quot;, line 1, in &lt;module&gt;&#10;        print fs.render()&#10;      File &quot;c:\Development\Workspace\formalchemy\formalchemy\tests\__init__.py&quot;, line 379, in render&#10;        assert html == html_engine, (name, html, html_engine)&#10;    AssertionError: ('tempita', '# -*- coding: utf-8 -*-\n&lt;div&gt;\n &lt;label class=&quot;field_req&quot; for=&quot;PrimaryKeys-1_33-id&quot;&gt;\n  Id\n &lt;/label&gt;\n &lt;input id=&quot;PrimaryKeys-1_33-id&quot; name=&quot;PrimaryKeys-1_33-id&quot; type=&quot;text&quot; value=&quot;1&quot; /&gt;\n&lt;/div&gt;\n&lt;script type=&quot;text/javascript&quot;&gt;\n //&lt;![CDATA[\r\ndocument.getElementById(&quot;PrimaryKeys-1_33-id&quot;).focus();\r\n//]]&gt;\n&lt;/script&gt;\n&lt;div&gt;\n &lt;label class=&quot;field_req&quot; for=&quot;PrimaryKeys-1_33-id2&quot;&gt;\n  Id2\n &lt;/label&gt;\n &lt;input id=&quot;PrimaryKeys-1_33-id2&quot; maxlength=&quot;10&quot; name=&quot;PrimaryKeys-1_33-id2&quot; type=&quot;text&quot; value=&quot;33&quot; /&gt;\n&lt;/div&gt;\n&lt;div&gt;\n &lt;label class=&quot;field_req&quot; for=&quot;PrimaryKeys-1_33-field&quot;&gt;\n  Field\n &lt;/label&gt;\n &lt;input id=&quot;PrimaryKeys-1_33-field&quot; maxlength=&quot;10&quot; name=&quot;PrimaryKeys-1_33-field&quot; type=&quot;text&quot; value=&quot;value2&quot; /&gt;\n&lt;/div&gt;', '&lt;div&gt;\n &lt;label class=&quot;field_req&quot; for=&quot;PrimaryKeys-1_33-id&quot;&gt;\n  Id\n &lt;/label&gt;\n &lt;input id=&quot;PrimaryKeys-1_33-id&quot; name=&quot;PrimaryKeys-1_33-id&quot; type=&quot;text&quot; value=&quot;1&quot; /&gt;\n&lt;/div&gt;\n&lt;script type=&quot;text/javascript&quot;&gt;\n //&lt;![CDATA[\r\ndocument.getElementById(&quot;PrimaryKeys-1_33-id&quot;).focus();\r\n//]]&gt;\n&lt;/script&gt;\n&lt;div&gt;\n &lt;label class=&quot;field_req&quot; for=&quot;PrimaryKeys-1_33-id2&quot;&gt;\n  Id2\n &lt;/label&gt;\n &lt;input id=&quot;PrimaryKeys-1_33-id2&quot; maxlength=&quot;10&quot; name=&quot;PrimaryKeys-1_33-id2&quot; type=&quot;text&quot; value=&quot;33&quot; /&gt;\n&lt;/div&gt;\n&lt;div&gt;\n &lt;label class=&quot;field_req&quot; for=&quot;PrimaryKeys-1_33-field&quot;&gt;\n  Field\n &lt;/label&gt;\n &lt;input id=&quot;PrimaryKeys-1_33-field&quot; maxlength=&quot;10&quot; name=&quot;PrimaryKeys-1_33-field&quot; type=&quot;text&quot; value=&quot;value2&quot; /&gt;\n&lt;/div&gt;')&#10;&#10;&gt;&gt;  raise self.failureException(self.format_failure(&lt;StringIO.StringIO instance at 0x0000000004032A08&gt;.getvalue()))&#10;    "><![CDATA[Traceback (most recent call last):
  File "C:\Development\Python27\lib\unittest\case.py", line 318, in run
    testMethod()
  File "C:\Development\Python27\lib\doctest.py", line 2166, in runTest
    raise self.failureException(self.format_failure(new.getvalue()))
AssertionError: Failed doctest test for test_renderer_names
  File "c:\Development\Workspace\formalchemy\formalchemy\tests\test_multiple_keys.py", line 4, in test_renderer_names

----------------------------------------------------------------------
File "c:\Development\Workspace\formalchemy\formalchemy\tests\test_multiple_keys.py", line 20, in test_renderer_names
Failed example:
    print fs.render()
Exception raised:
    Traceback (most recent call last):
      File "C:\Development\Python27\lib\doctest.py", line 1254, in __run
        compileflags, 1) in test.globs
      File "<doctest test_renderer_names[6]>", line 1, in <module>
        print fs.render()
      File "c:\Development\Workspace\formalchemy\formalchemy\tests\__init__.py", line 379, in render
        assert html == html_engine, (name, html, html_engine)
    AssertionError: ('tempita', '# -*- coding: utf-8 -*-\n<div>\n <label class="field_req" for="PrimaryKeys-1_33-id">\n  Id\n </label>\n <input id="PrimaryKeys-1_33-id" name="PrimaryKeys-1_33-id" type="text" value="1" />\n</div>\n<script type="text/javascript">\n //<![CDATA[\r\ndocument.getElementById("PrimaryKeys-1_33-id").focus();\r\n//]]>]]&gt;<![CDATA[\n</script>\n<div>\n <label class="field_req" for="PrimaryKeys-1_33-id2">\n  Id2\n </label>\n <input id="PrimaryKeys-1_33-id2" maxlength="10" name="PrimaryKeys-1_33-id2" type="text" value="33" />\n</div>\n<div>\n <label class="field_req" for="PrimaryKeys-1_33-field">\n  Field\n </label>\n <input id="PrimaryKeys-1_33-field" maxlength="10" name="PrimaryKeys-1_33-field" type="text" value="value2" />\n</div>', '<div>\n <label class="field_req" for="PrimaryKeys-1_33-id">\n  Id\n </label>\n <input id="PrimaryKeys-1_33-id" name="PrimaryKeys-1_33-id" type="text" value="1" />\n</div>\n<script type="text/javascript">\n //<![CDATA[\r\ndocument.getElementById("PrimaryKeys-1_33-id").focus();\r\n//]]>]]&gt;<![CDATA[\n</script>\n<div>\n <label class="field_req" for="PrimaryKeys-1_33-id2">\n  Id2\n </label>\n <input id="PrimaryKeys-1_33-id2" maxlength="10" name="PrimaryKeys-1_33-id2" type="text" value="33" />\n</div>\n<div>\n <label class="field_req" for="PrimaryKeys-1_33-field">\n  Field\n </label>\n <input id="PrimaryKeys-1_33-field" maxlength="10" name="PrimaryKeys-1_33-field" type="text" value="value2" />\n</div>')

>>  raise self.failureException(self.format_failure(<StringIO.StringIO instance at 0x0000000004032A08>.getvalue()))
    
]]></failure></testcase><testcase classname="formalchemy.tests.test_multiple_keys" name="test_foreign_keys" time="0" /><testcase classname="formalchemy.tests.test_multiple_keys" name="test_deserialize" time="0" /><testcase classname="formalchemy.tests.test_multiple_keys" name="test_deserialize_new_record" time="0" /><testcase classname="formalchemy.tests.test_options" name="test_dropdown" time="0" /><testcase classname="formalchemy.tests.test_options" name="test_lazy_filtered_dropdown" time="0" /><testcase classname="formalchemy.tests.test_options" name="test_lazy_record" time="0" /><testcase classname="formalchemy.tests.test_options" name="test_manual_options" time="0"><failure type="exceptions.AssertionError" message="Failed doctest test for test_manual_options&#10;  File &quot;c:\Development\Workspace\formalchemy\formalchemy\tests\test_options.py&quot;, line 52, in test_manual_options&#10;&#10;----------------------------------------------------------------------&#10;File &quot;c:\Development\Workspace\formalchemy\formalchemy\tests\test_options.py&quot;, line 56, in test_manual_options&#10;Failed example:&#10;    print fs.render() #doctest: +ELLIPSIS&#10;Exception raised:&#10;    Traceback (most recent call last):&#10;      File &quot;C:\Development\Python27\lib\doctest.py&quot;, line 1254, in __run&#10;        compileflags, 1) in test.globs&#10;      File &quot;&lt;doctest test_manual_options[2]&gt;&quot;, line 1, in &lt;module&gt;&#10;        print fs.render() #doctest: +ELLIPSIS&#10;      File &quot;c:\Development\Workspace\formalchemy\formalchemy\tests\__init__.py&quot;, line 379, in render&#10;        assert html == html_engine, (name, html, html_engine)&#10;    AssertionError: ('tempita', '# -*- coding: utf-8 -*-\n&lt;div&gt;\n &lt;label class=&quot;field_req&quot; for=&quot;User-1-email&quot;&gt;\n  Email\n &lt;/label&gt;\n &lt;input id=&quot;User-1-email&quot; maxlength=&quot;40&quot; name=&quot;User-1-email&quot; type=&quot;text&quot; value=&quot;bill@example.com&quot; /&gt;\n&lt;/div&gt;\n&lt;script type=&quot;text/javascript&quot;&gt;\n //&lt;![CDATA[\r\ndocument.getElementById(&quot;User-1-email&quot;).focus();\r\n//]]&gt;\n&lt;/script&gt;\n&lt;div&gt;\n &lt;label class=&quot;field_req&quot; for=&quot;User-1-password&quot;&gt;\n  Password\n &lt;/label&gt;\n &lt;input id=&quot;User-1-password&quot; maxlength=&quot;20&quot; name=&quot;User-1-password&quot; type=&quot;text&quot; value=&quot;1234&quot; /&gt;\n&lt;/div&gt;\n&lt;div&gt;\n &lt;label class=&quot;field_opt&quot; for=&quot;User-1-name&quot;&gt;\n  Name\n &lt;/label&gt;\n &lt;input id=&quot;User-1-name&quot; maxlength=&quot;30&quot; name=&quot;User-1-name&quot; type=&quot;text&quot; value=&quot;Bill&quot; /&gt;\n&lt;/div&gt;\n&lt;div&gt;\n &lt;label class=&quot;field_opt&quot; for=&quot;User-1-orders&quot;&gt;\n  Orders\n &lt;/label&gt;\n &lt;select id=&quot;User-1-orders&quot; multiple=&quot;multiple&quot; name=&quot;User-1-orders&quot; size=&quot;5&quot;&gt;\n  &lt;option value=&quot;2&quot;&gt;\n   Quantity: 5\n  &lt;/option&gt;\n  &lt;option value=&quot;3&quot;&gt;\n   Quantity: 6\n  &lt;/option&gt;\n  &lt;option selected=&quot;selected&quot; value=&quot;1&quot;&gt;\n   Quantity: 10\n  &lt;/option&gt;\n &lt;/select&gt;\n&lt;/div&gt;\n&lt;div&gt;\n &lt;label class=&quot;field_opt&quot; for=&quot;User-1-cb&quot;&gt;\n  Cb\n &lt;/label&gt;\n &lt;input id=&quot;User-1-cb_0&quot; name=&quot;User-1-cb&quot; type=&quot;checkbox&quot; value=&quot;1&quot; /&gt;\n &lt;label for=&quot;User-1-cb_0&quot;&gt;\n  one\n &lt;/label&gt;\n &lt;br /&gt;\n &lt;input id=&quot;User-1-cb_1&quot; name=&quot;User-1-cb&quot; type=&quot;checkbox&quot; value=&quot;2&quot; /&gt;\n &lt;label for=&quot;User-1-cb_1&quot;&gt;\n  two\n &lt;/label&gt;\n&lt;/div&gt;', '&lt;div&gt;\n &lt;label class=&quot;field_req&quot; for=&quot;User-1-email&quot;&gt;\n  Email\n &lt;/label&gt;\n &lt;input id=&quot;User-1-email&quot; maxlength=&quot;40&quot; name=&quot;User-1-email&quot; type=&quot;text&quot; value=&quot;bill@example.com&quot; /&gt;\n&lt;/div&gt;\n&lt;script type=&quot;text/javascript&quot;&gt;\n //&lt;![CDATA[\r\ndocument.getElementById(&quot;User-1-email&quot;).focus();\r\n//]]&gt;\n&lt;/script&gt;\n&lt;div&gt;\n &lt;label class=&quot;field_req&quot; for=&quot;User-1-password&quot;&gt;\n  Password\n &lt;/label&gt;\n &lt;input id=&quot;User-1-password&quot; maxlength=&quot;20&quot; name=&quot;User-1-password&quot; type=&quot;text&quot; value=&quot;1234&quot; /&gt;\n&lt;/div&gt;\n&lt;div&gt;\n &lt;label class=&quot;field_opt&quot; for=&quot;User-1-name&quot;&gt;\n  Name\n &lt;/label&gt;\n &lt;input id=&quot;User-1-name&quot; maxlength=&quot;30&quot; name=&quot;User-1-name&quot; type=&quot;text&quot; value=&quot;Bill&quot; /&gt;\n&lt;/div&gt;\n&lt;div&gt;\n &lt;label class=&quot;field_opt&quot; for=&quot;User-1-orders&quot;&gt;\n  Orders\n &lt;/label&gt;\n &lt;select id=&quot;User-1-orders&quot; multiple=&quot;multiple&quot; name=&quot;User-1-orders&quot; size=&quot;5&quot;&gt;\n  &lt;option value=&quot;2&quot;&gt;\n   Quantity: 5\n  &lt;/option&gt;\n  &lt;option value=&quot;3&quot;&gt;\n   Quantity: 6\n  &lt;/option&gt;\n  &lt;option selected=&quot;selected&quot; value=&quot;1&quot;&gt;\n   Quantity: 10\n  &lt;/option&gt;\n &lt;/select&gt;\n&lt;/div&gt;\n&lt;div&gt;\n &lt;label class=&quot;field_opt&quot; for=&quot;User-1-cb&quot;&gt;\n  Cb\n &lt;/label&gt;\n &lt;input id=&quot;User-1-cb_0&quot; name=&quot;User-1-cb&quot; type=&quot;checkbox&quot; value=&quot;1&quot; /&gt;\n &lt;label for=&quot;User-1-cb_0&quot;&gt;\n  one\n &lt;/label&gt;\n &lt;br /&gt;\n &lt;input id=&quot;User-1-cb_1&quot; name=&quot;User-1-cb&quot; type=&quot;checkbox&quot; value=&quot;2&quot; /&gt;\n &lt;label for=&quot;User-1-cb_1&quot;&gt;\n  two\n &lt;/label&gt;\n&lt;/div&gt;')&#10;&#10;&gt;&gt;  raise self.failureException(self.format_failure(&lt;StringIO.StringIO instance at 0x0000000004034F48&gt;.getvalue()))&#10;    &#10;-------------------- &gt;&gt; begin captured logging &lt;&lt; --------------------&#10;formalchemy.formalchemy.fields: DEBUG: options for orders are [(u'Quantity: 5', 2), (u'Quantity: 6', 3), (u'Quantity: 10', 1)]&#10;--------------------- &gt;&gt; end captured logging &lt;&lt; ---------------------"><![CDATA[Traceback (most recent call last):
  File "C:\Development\Python27\lib\unittest\case.py", line 318, in run
    testMethod()
  File "C:\Development\Python27\lib\doctest.py", line 2166, in runTest
    raise self.failureException(self.format_failure(new.getvalue()))
AssertionError: Failed doctest test for test_manual_options
  File "c:\Development\Workspace\formalchemy\formalchemy\tests\test_options.py", line 52, in test_manual_options

----------------------------------------------------------------------
File "c:\Development\Workspace\formalchemy\formalchemy\tests\test_options.py", line 56, in test_manual_options
Failed example:
    print fs.render() #doctest: +ELLIPSIS
Exception raised:
    Traceback (most recent call last):
      File "C:\Development\Python27\lib\doctest.py", line 1254, in __run
        compileflags, 1) in test.globs
      File "<doctest test_manual_options[2]>", line 1, in <module>
        print fs.render() #doctest: +ELLIPSIS
      File "c:\Development\Workspace\formalchemy\formalchemy\tests\__init__.py", line 379, in render
        assert html == html_engine, (name, html, html_engine)
    AssertionError: ('tempita', '# -*- coding: utf-8 -*-\n<div>\n <label class="field_req" for="User-1-email">\n  Email\n </label>\n <input id="User-1-email" maxlength="40" name="User-1-email" type="text" value="bill@example.com" />\n</div>\n<script type="text/javascript">\n //<![CDATA[\r\ndocument.getElementById("User-1-email").focus();\r\n//]]>]]&gt;<![CDATA[\n</script>\n<div>\n <label class="field_req" for="User-1-password">\n  Password\n </label>\n <input id="User-1-password" maxlength="20" name="User-1-password" type="text" value="1234" />\n</div>\n<div>\n <label class="field_opt" for="User-1-name">\n  Name\n </label>\n <input id="User-1-name" maxlength="30" name="User-1-name" type="text" value="Bill" />\n</div>\n<div>\n <label class="field_opt" for="User-1-orders">\n  Orders\n </label>\n <select id="User-1-orders" multiple="multiple" name="User-1-orders" size="5">\n  <option value="2">\n   Quantity: 5\n  </option>\n  <option value="3">\n   Quantity: 6\n  </option>\n  <option selected="selected" value="1">\n   Quantity: 10\n  </option>\n </select>\n</div>\n<div>\n <label class="field_opt" for="User-1-cb">\n  Cb\n </label>\n <input id="User-1-cb_0" name="User-1-cb" type="checkbox" value="1" />\n <label for="User-1-cb_0">\n  one\n </label>\n <br />\n <input id="User-1-cb_1" name="User-1-cb" type="checkbox" value="2" />\n <label for="User-1-cb_1">\n  two\n </label>\n</div>', '<div>\n <label class="field_req" for="User-1-email">\n  Email\n </label>\n <input id="User-1-email" maxlength="40" name="User-1-email" type="text" value="bill@example.com" />\n</div>\n<script type="text/javascript">\n //<![CDATA[\r\ndocument.getElementById("User-1-email").focus();\r\n//]]>]]&gt;<![CDATA[\n</script>\n<div>\n <label class="field_req" for="User-1-password">\n  Password\n </label>\n <input id="User-1-password" maxlength="20" name="User-1-password" type="text" value="1234" />\n</div>\n<div>\n <label class="field_opt" for="User-1-name">\n  Name\n </label>\n <input id="User-1-name" maxlength="30" name="User-1-name" type="text" value="Bill" />\n</div>\n<div>\n <label class="field_opt" for="User-1-orders">\n  Orders\n </label>\n <select id="User-1-orders" multiple="multiple" name="User-1-orders" size="5">\n  <option value="2">\n   Quantity: 5\n  </option>\n  <option value="3">\n   Quantity: 6\n  </option>\n  <option selected="selected" value="1">\n   Quantity: 10\n  </option>\n </select>\n</div>\n<div>\n <label class="field_opt" for="User-1-cb">\n  Cb\n </label>\n <input id="User-1-cb_0" name="User-1-cb" type="checkbox" value="1" />\n <label for="User-1-cb_0">\n  one\n </label>\n <br />\n <input id="User-1-cb_1" name="User-1-cb" type="checkbox" value="2" />\n <label for="User-1-cb_1">\n  two\n </label>\n</div>')

>>  raise self.failureException(self.format_failure(<StringIO.StringIO instance at 0x0000000004034F48>.getvalue()))
    
-------------------- >> begin captured logging << --------------------
formalchemy.formalchemy.fields: DEBUG: options for orders are [(u'Quantity: 5', 2), (u'Quantity: 6', 3), (u'Quantity: 10', 1)]
--------------------- >> end captured logging << ---------------------
]]></failure></testcase><testcase classname="formalchemy.tests.test_readonly" name="test_readonly_mode" time="0"><failure type="exceptions.AssertionError" message="Failed doctest test for test_readonly_mode&#10;  File &quot;c:\Development\Workspace\formalchemy\formalchemy\tests\test_readonly.py&quot;, line 5, in test_readonly_mode&#10;&#10;----------------------------------------------------------------------&#10;File &quot;c:\Development\Workspace\formalchemy\formalchemy\tests\test_readonly.py&quot;, line 11, in test_readonly_mode&#10;Failed example:&#10;    print fs.render()&#10;Exception raised:&#10;    Traceback (most recent call last):&#10;      File &quot;C:\Development\Python27\lib\doctest.py&quot;, line 1254, in __run&#10;        compileflags, 1) in test.globs&#10;      File &quot;&lt;doctest test_readonly_mode[2]&gt;&quot;, line 1, in &lt;module&gt;&#10;        print fs.render()&#10;      File &quot;c:\Development\Workspace\formalchemy\formalchemy\tests\__init__.py&quot;, line 379, in render&#10;        assert html == html_engine, (name, html, html_engine)&#10;    AssertionError: ('tempita', '# -*- coding: utf-8 -*-\n&lt;div&gt;\n &lt;label class=&quot;field_opt&quot; for=&quot;Two--foo&quot;&gt;\n  Foo\n &lt;/label&gt;\n 133\n&lt;/div&gt;', '&lt;div&gt;\n &lt;label class=&quot;field_opt&quot; for=&quot;Two--foo&quot;&gt;\n  Foo\n &lt;/label&gt;\n 133\n&lt;/div&gt;')&#10;&#10;&gt;&gt;  raise self.failureException(self.format_failure(&lt;StringIO.StringIO instance at 0x0000000004044348&gt;.getvalue()))&#10;    "><![CDATA[Traceback (most recent call last):
  File "C:\Development\Python27\lib\unittest\case.py", line 318, in run
    testMethod()
  File "C:\Development\Python27\lib\doctest.py", line 2166, in runTest
    raise self.failureException(self.format_failure(new.getvalue()))
AssertionError: Failed doctest test for test_readonly_mode
  File "c:\Development\Workspace\formalchemy\formalchemy\tests\test_readonly.py", line 5, in test_readonly_mode

----------------------------------------------------------------------
File "c:\Development\Workspace\formalchemy\formalchemy\tests\test_readonly.py", line 11, in test_readonly_mode
Failed example:
    print fs.render()
Exception raised:
    Traceback (most recent call last):
      File "C:\Development\Python27\lib\doctest.py", line 1254, in __run
        compileflags, 1) in test.globs
      File "<doctest test_readonly_mode[2]>", line 1, in <module>
        print fs.render()
      File "c:\Development\Workspace\formalchemy\formalchemy\tests\__init__.py", line 379, in render
        assert html == html_engine, (name, html, html_engine)
    AssertionError: ('tempita', '# -*- coding: utf-8 -*-\n<div>\n <label class="field_opt" for="Two--foo">\n  Foo\n </label>\n 133\n</div>', '<div>\n <label class="field_opt" for="Two--foo">\n  Foo\n </label>\n 133\n</div>')

>>  raise self.failureException(self.format_failure(<StringIO.StringIO instance at 0x0000000004044348>.getvalue()))
    
]]></failure></testcase><testcase classname="formalchemy.tests.test_readonly" name="test_focus_with_readonly_mode" time="0"><failure type="exceptions.AssertionError" message="Failed doctest test for test_focus_with_readonly_mode&#10;  File &quot;c:\Development\Workspace\formalchemy\formalchemy\tests\test_readonly.py&quot;, line 20, in test_focus_with_readonly_mode&#10;&#10;----------------------------------------------------------------------&#10;File &quot;c:\Development\Workspace\formalchemy\formalchemy\tests\test_readonly.py&quot;, line 27, in test_focus_with_readonly_mode&#10;Failed example:&#10;    print fs.render()&#10;Exception raised:&#10;    Traceback (most recent call last):&#10;      File &quot;C:\Development\Python27\lib\doctest.py&quot;, line 1254, in __run&#10;        compileflags, 1) in test.globs&#10;      File &quot;&lt;doctest test_focus_with_readonly_mode[2]&gt;&quot;, line 1, in &lt;module&gt;&#10;        print fs.render()&#10;      File &quot;c:\Development\Workspace\formalchemy\formalchemy\tests\__init__.py&quot;, line 379, in render&#10;        assert html == html_engine, (name, html, html_engine)&#10;    AssertionError: ('tempita', '# -*- coding: utf-8 -*-\n&lt;div&gt;\n &lt;label class=&quot;field_opt&quot; for=&quot;Three--foo&quot;&gt;\n  Foo\n &lt;/label&gt;\n&lt;/div&gt;\n&lt;div&gt;\n &lt;label class=&quot;field_opt&quot; for=&quot;Three--bar&quot;&gt;\n  Bar\n &lt;/label&gt;\n &lt;input id=&quot;Three--bar&quot; name=&quot;Three--bar&quot; type=&quot;text&quot; /&gt;\n&lt;/div&gt;\n&lt;script type=&quot;text/javascript&quot;&gt;\n //&lt;![CDATA[\r\ndocument.getElementById(&quot;Three--bar&quot;).focus();\r\n//]]&gt;\n&lt;/script&gt;', '&lt;div&gt;\n &lt;label class=&quot;field_opt&quot; for=&quot;Three--foo&quot;&gt;\n  Foo\n &lt;/label&gt;\n&lt;/div&gt;\n&lt;div&gt;\n &lt;label class=&quot;field_opt&quot; for=&quot;Three--bar&quot;&gt;\n  Bar\n &lt;/label&gt;\n &lt;input id=&quot;Three--bar&quot; name=&quot;Three--bar&quot; type=&quot;text&quot; /&gt;\n&lt;/div&gt;\n&lt;script type=&quot;text/javascript&quot;&gt;\n //&lt;![CDATA[\r\ndocument.getElementById(&quot;Three--bar&quot;).focus();\r\n//]]&gt;\n&lt;/script&gt;')&#10;&#10;&gt;&gt;  raise self.failureException(self.format_failure(&lt;StringIO.StringIO instance at 0x0000000004048F48&gt;.getvalue()))&#10;    "><![CDATA[Traceback (most recent call last):
  File "C:\Development\Python27\lib\unittest\case.py", line 318, in run
    testMethod()
  File "C:\Development\Python27\lib\doctest.py", line 2166, in runTest
    raise self.failureException(self.format_failure(new.getvalue()))
AssertionError: Failed doctest test for test_focus_with_readonly_mode
  File "c:\Development\Workspace\formalchemy\formalchemy\tests\test_readonly.py", line 20, in test_focus_with_readonly_mode

----------------------------------------------------------------------
File "c:\Development\Workspace\formalchemy\formalchemy\tests\test_readonly.py", line 27, in test_focus_with_readonly_mode
Failed example:
    print fs.render()
Exception raised:
    Traceback (most recent call last):
      File "C:\Development\Python27\lib\doctest.py", line 1254, in __run
        compileflags, 1) in test.globs
      File "<doctest test_focus_with_readonly_mode[2]>", line 1, in <module>
        print fs.render()
      File "c:\Development\Workspace\formalchemy\formalchemy\tests\__init__.py", line 379, in render
        assert html == html_engine, (name, html, html_engine)
    AssertionError: ('tempita', '# -*- coding: utf-8 -*-\n<div>\n <label class="field_opt" for="Three--foo">\n  Foo\n </label>\n</div>\n<div>\n <label class="field_opt" for="Three--bar">\n  Bar\n </label>\n <input id="Three--bar" name="Three--bar" type="text" />\n</div>\n<script type="text/javascript">\n //<![CDATA[\r\ndocument.getElementById("Three--bar").focus();\r\n//]]>]]&gt;<![CDATA[\n</script>', '<div>\n <label class="field_opt" for="Three--foo">\n  Foo\n </label>\n</div>\n<div>\n <label class="field_opt" for="Three--bar">\n  Bar\n </label>\n <input id="Three--bar" name="Three--bar" type="text" />\n</div>\n<script type="text/javascript">\n //<![CDATA[\r\ndocument.getElementById("Three--bar").focus();\r\n//]]>]]&gt;<![CDATA[\n</script>')

>>  raise self.failureException(self.format_failure(<StringIO.StringIO instance at 0x0000000004048F48>.getvalue()))
    
[...]
abel class=&quot;field_req&quot; for=&quot;User--email&quot;&gt;\n  Email\n &lt;/label&gt;\n &lt;input id=&quot;User--email&quot; maxlength=&quot;40&quot; name=&quot;User--email&quot; type=&quot;text&quot; value=&quot;j@jose.com&quot; /&gt;\n&lt;/div&gt;\n&lt;script type=&quot;text/javascript&quot;&gt;\n //&lt;![CDATA[\r\ndocument.getElementById(&quot;User--email&quot;).focus();\r\n//]]&gt;\n&lt;/script&gt;\n&lt;div&gt;\n &lt;label class=&quot;field_req&quot; for=&quot;User--password&quot;&gt;\n  Password\n &lt;/label&gt;\n &lt;input id=&quot;User--password&quot; maxlength=&quot;20&quot; name=&quot;User--password&quot; type=&quot;text&quot; value=&quot;pwd&quot; /&gt;\n&lt;/div&gt;\n&lt;div&gt;\n &lt;label class=&quot;field_opt&quot; for=&quot;User--name&quot;&gt;\n  Name\n &lt;/label&gt;\n &lt;input id=&quot;User--name&quot; maxlength=&quot;30&quot; name=&quot;User--name&quot; type=&quot;text&quot; value=&quot;Jos\xc3\xa9&quot; /&gt;\n&lt;/div&gt;\n&lt;div&gt;\n &lt;label class=&quot;field_opt&quot; for=&quot;User--orders&quot;&gt;\n  Orders\n &lt;/label&gt;\n &lt;select id=&quot;User--orders&quot; multiple=&quot;multiple&quot; name=&quot;User--orders&quot; size=&quot;5&quot;&gt;\n  &lt;option value=&quot;2&quot;&gt;\n   Quantity: 5\n  &lt;/option&gt;\n  &lt;option value=&quot;3&quot;&gt;\n   Quantity: 6\n  &lt;/option&gt;\n  &lt;option value=&quot;1&quot;&gt;\n   Quantity: 10\n  &lt;/option&gt;\n &lt;/select&gt;\n&lt;/div&gt;', '&lt;div&gt;\n &lt;label class=&quot;field_req&quot; for=&quot;User--email&quot;&gt;\n  Email\n &lt;/label&gt;\n &lt;input id=&quot;User--email&quot; maxlength=&quot;40&quot; name=&quot;User--email&quot; type=&quot;text&quot; value=&quot;j@jose.com&quot; /&gt;\n&lt;/div&gt;\n&lt;script type=&quot;text/javascript&quot;&gt;\n //&lt;![CDATA[\r\ndocument.getElementById(&quot;User--email&quot;).focus();\r\n//]]&gt;\n&lt;/script&gt;\n&lt;div&gt;\n &lt;label class=&quot;field_req&quot; for=&quot;User--password&quot;&gt;\n  Password\n &lt;/label&gt;\n &lt;input id=&quot;User--password&quot; maxlength=&quot;20&quot; name=&quot;User--password&quot; type=&quot;text&quot; value=&quot;pwd&quot; /&gt;\n&lt;/div&gt;\n&lt;div&gt;\n &lt;label class=&quot;field_opt&quot; for=&quot;User--name&quot;&gt;\n  Name\n &lt;/label&gt;\n &lt;input id=&quot;User--name&quot; maxlength=&quot;30&quot; name=&quot;User--name&quot; type=&quot;text&quot; value=&quot;Jos\xc3\xa9&quot; /&gt;\n&lt;/div&gt;\n&lt;div&gt;\n &lt;label class=&quot;field_opt&quot; for=&quot;User--orders&quot;&gt;\n  Orders\n &lt;/label&gt;\n &lt;select id=&quot;User--orders&quot; multiple=&quot;multiple&quot; name=&quot;User--orders&quot; size=&quot;5&quot;&gt;\n  &lt;option value=&quot;2&quot;&gt;\n   Quantity: 5\n  &lt;/option&gt;\n  &lt;option value=&quot;3&quot;&gt;\n   Quantity: 6\n  &lt;/option&gt;\n  &lt;option value=&quot;1&quot;&gt;\n   Quantity: 10\n  &lt;/option&gt;\n &lt;/select&gt;\n&lt;/div&gt;')&#10;----------------------------------------------------------------------&#10;File &quot;c:\Development\Workspace\formalchemy\formalchemy\tests\test_unicode.py&quot;, line 51, in test_unicode_data&#10;Failed example:&#10;    print(fs.render()) # doctest: +ELLIPSIS&#10;Exception raised:&#10;    Traceback (most recent call last):&#10;      File &quot;C:\Development\Python27\lib\doctest.py&quot;, line 1254, in __run&#10;        compileflags, 1) in test.globs&#10;      File &quot;&lt;doctest test_unicode_data[8]&gt;&quot;, line 1, in &lt;module&gt;&#10;        print(fs.render()) # doctest: +ELLIPSIS&#10;      File &quot;c:\Development\Workspace\formalchemy\formalchemy\tests\__init__.py&quot;, line 379, in render&#10;        assert html == html_engine, (name, html, html_engine)&#10;    AssertionError: ('tempita', '# -*- coding: utf-8 -*-\n&lt;div&gt;\n &lt;label class=&quot;field_req&quot; for=&quot;User--email&quot;&gt;\n  Email\n &lt;/label&gt;\n &lt;input id=&quot;User--email&quot; maxlength=&quot;40&quot; name=&quot;User--email&quot; type=&quot;text&quot; value=&quot;j@jose.com&quot; /&gt;\n&lt;/div&gt;\n&lt;script type=&quot;text/javascript&quot;&gt;\n //&lt;![CDATA[\r\ndocument.getElementById(&quot;User--email&quot;).focus();\r\n//]]&gt;\n&lt;/script&gt;\n&lt;div&gt;\n &lt;label class=&quot;field_req&quot; for=&quot;User--password&quot;&gt;\n  Password\n &lt;/label&gt;\n &lt;input id=&quot;User--password&quot; maxlength=&quot;20&quot; name=&quot;User--password&quot; type=&quot;text&quot; value=&quot;pwd&quot; /&gt;\n&lt;/div&gt;\n&lt;div&gt;\n &lt;label class=&quot;field_opt&quot; for=&quot;User--name&quot;&gt;\n  Name\n &lt;/label&gt;\n &lt;input id=&quot;User--name&quot; maxlength=&quot;30&quot; name=&quot;User--name&quot; type=&quot;text&quot; value=&quot;Jos\xc3\xa9&quot; /&gt;\n&lt;/div&gt;\n&lt;div&gt;\n &lt;label class=&quot;field_opt&quot; for=&quot;User--orders&quot;&gt;\n  Orders\n &lt;/label&gt;\n &lt;select id=&quot;User--orders&quot; multiple=&quot;multiple&quot; name=&quot;User--orders&quot; size=&quot;5&quot;&gt;\n  &lt;option value=&quot;2&quot;&gt;\n   Quantity: 5\n  &lt;/option&gt;\n  &lt;option value=&quot;3&quot;&gt;\n   Quantity: 6\n  &lt;/option&gt;\n  &lt;option value=&quot;1&quot;&gt;\n   Quantity: 10\n  &lt;/option&gt;\n &lt;/select&gt;\n&lt;/div&gt;', '&lt;div&gt;\n &lt;label class=&quot;field_req&quot; for=&quot;User--email&quot;&gt;\n  Email\n &lt;/label&gt;\n &lt;input id=&quot;User--email&quot; maxlength=&quot;40&quot; name=&quot;User--email&quot; type=&quot;text&quot; value=&quot;j@jose.com&quot; /&gt;\n&lt;/div&gt;\n&lt;script type=&quot;text/javascript&quot;&gt;\n //&lt;![CDATA[\r\ndocument.getElementById(&quot;User--email&quot;).focus();\r\n//]]&gt;\n&lt;/script&gt;\n&lt;div&gt;\n &lt;label class=&quot;field_req&quot; for=&quot;User--password&quot;&gt;\n  Password\n &lt;/label&gt;\n &lt;input id=&quot;User--password&quot; maxlength=&quot;20&quot; name=&quot;User--password&quot; type=&quot;text&quot; value=&quot;pwd&quot; /&gt;\n&lt;/div&gt;\n&lt;div&gt;\n &lt;label class=&quot;field_opt&quot; for=&quot;User--name&quot;&gt;\n  Name\n &lt;/label&gt;\n &lt;input id=&quot;User--name&quot; maxlength=&quot;30&quot; name=&quot;User--name&quot; type=&quot;text&quot; value=&quot;Jos\xc3\xa9&quot; /&gt;\n&lt;/div&gt;\n&lt;div&gt;\n &lt;label class=&quot;field_opt&quot; for=&quot;User--orders&quot;&gt;\n  Orders\n &lt;/label&gt;\n &lt;select id=&quot;User--orders&quot; multiple=&quot;multiple&quot; name=&quot;User--orders&quot; size=&quot;5&quot;&gt;\n  &lt;option value=&quot;2&quot;&gt;\n   Quantity: 5\n  &lt;/option&gt;\n  &lt;option value=&quot;3&quot;&gt;\n   Quantity: 6\n  &lt;/option&gt;\n  &lt;option value=&quot;1&quot;&gt;\n   Quantity: 10\n  &lt;/option&gt;\n &lt;/select&gt;\n&lt;/div&gt;')&#10;----------------------------------------------------------------------&#10;File &quot;c:\Development\Workspace\formalchemy\formalchemy\tests\test_unicode.py&quot;, line 57, in test_unicode_data&#10;Failed example:&#10;    print(fs.render()) # doctest: +ELLIPSIS&#10;Exception raised:&#10;    Traceback (most recent call last):&#10;      File &quot;C:\Development\Python27\lib\doctest.py&quot;, line 1254, in __run&#10;        compileflags, 1) in test.globs&#10;      File &quot;&lt;doctest test_unicode_data[11]&gt;&quot;, line 1, in &lt;module&gt;&#10;        print(fs.render()) # doctest: +ELLIPSIS&#10;      File &quot;c:\Development\Workspace\formalchemy\formalchemy\tests\__init__.py&quot;, line 379, in render&#10;        assert html == html_engine, (name, html, html_engine)&#10;    AssertionError: ('tempita', '# -*- coding: utf-8 -*-\n&lt;div&gt;\n &lt;label class=&quot;field_req&quot; for=&quot;User--email&quot;&gt;\n  Email\n &lt;/label&gt;\n &lt;input id=&quot;User--email&quot; maxlength=&quot;40&quot; name=&quot;User--email&quot; type=&quot;text&quot; value=&quot;j@jose.com&quot; /&gt;\n&lt;/div&gt;\n&lt;script type=&quot;text/javascript&quot;&gt;\n //&lt;![CDATA[\r\ndocument.getElementById(&quot;User--email&quot;).focus();\r\n//]]&gt;\n&lt;/script&gt;\n&lt;div&gt;\n &lt;label class=&quot;field_req&quot; for=&quot;User--password&quot;&gt;\n  Password\n &lt;/label&gt;\n &lt;input id=&quot;User--password&quot; maxlength=&quot;20&quot; name=&quot;User--password&quot; type=&quot;text&quot; value=&quot;pwd&quot; /&gt;\n&lt;/div&gt;\n&lt;div&gt;\n &lt;label class=&quot;field_opt&quot; for=&quot;User--name&quot;&gt;\n  Name\n &lt;/label&gt;\n &lt;input id=&quot;User--name&quot; maxlength=&quot;30&quot; name=&quot;User--name&quot; type=&quot;text&quot; value=&quot;Jos\xc3\xa9&quot; /&gt;\n&lt;/div&gt;\n&lt;div&gt;\n &lt;label class=&quot;field_opt&quot; for=&quot;User--orders&quot;&gt;\n  Orders\n &lt;/label&gt;\n &lt;select id=&quot;User--orders&quot; multiple=&quot;multiple&quot; name=&quot;User--orders&quot; size=&quot;5&quot;&gt;\n  &lt;option value=&quot;2&quot;&gt;\n   Quantity: 5\n  &lt;/option&gt;\n  &lt;option value=&quot;3&quot;&gt;\n   Quantity: 6\n  &lt;/option&gt;\n  &lt;option value=&quot;1&quot;&gt;\n   Quantity: 10\n  &lt;/option&gt;\n &lt;/select&gt;\n&lt;/div&gt;', '&lt;div&gt;\n &lt;label class=&quot;field_req&quot; for=&quot;User--email&quot;&gt;\n  Email\n &lt;/label&gt;\n &lt;input id=&quot;User--email&quot; maxlength=&quot;40&quot; name=&quot;User--email&quot; type=&quot;text&quot; value=&quot;j@jose.com&quot; /&gt;\n&lt;/div&gt;\n&lt;script type=&quot;text/javascript&quot;&gt;\n //&lt;![CDATA[\r\ndocument.getElementById(&quot;User--email&quot;).focus();\r\n//]]&gt;\n&lt;/script&gt;\n&lt;div&gt;\n &lt;label class=&quot;field_req&quot; for=&quot;User--password&quot;&gt;\n  Password\n &lt;/label&gt;\n &lt;input id=&quot;User--password&quot; maxlength=&quot;20&quot; name=&quot;User--password&quot; type=&quot;text&quot; value=&quot;pwd&quot; /&gt;\n&lt;/div&gt;\n&lt;div&gt;\n &lt;label class=&quot;field_opt&quot; for=&quot;User--name&quot;&gt;\n  Name\n &lt;/label&gt;\n &lt;input id=&quot;User--name&quot; maxlength=&quot;30&quot; name=&quot;User--name&quot; type=&quot;text&quot; value=&quot;Jos\xc3\xa9&quot; /&gt;\n&lt;/div&gt;\n&lt;div&gt;\n &lt;label class=&quot;field_opt&quot; for=&quot;User--orders&quot;&gt;\n  Orders\n &lt;/label&gt;\n &lt;select id=&quot;User--orders&quot; multiple=&quot;multiple&quot; name=&quot;User--orders&quot; size=&quot;5&quot;&gt;\n  &lt;option value=&quot;2&quot;&gt;\n   Quantity: 5\n  &lt;/option&gt;\n  &lt;option value=&quot;3&quot;&gt;\n   Quantity: 6\n  &lt;/option&gt;\n  &lt;option value=&quot;1&quot;&gt;\n   Quantity: 10\n  &lt;/option&gt;\n &lt;/select&gt;\n&lt;/div&gt;')&#10;&#10;&gt;&gt;  raise self.failureException(self.format_failure(&lt;StringIO.StringIO instance at 0x0000000004040548&gt;.getvalue()))&#10;    &#10;-------------------- &gt;&gt; begin captured logging &lt;&lt; --------------------&#10;formalchemy.formalchemy.fields: DEBUG: options for orders are [(u'Quantity: 5', 2), (u'Quantity: 6', 3), (u'Quantity: 10', 1)]&#10;--------------------- &gt;&gt; end captured logging &lt;&lt; ---------------------"><![CDATA[Traceback (most recent call last):
  File "C:\Development\Python27\lib\unittest\case.py", line 318, in run
    testMethod()
  File "C:\Development\Python27\lib\doctest.py", line 2166, in runTest
    raise self.failureException(self.format_failure(new.getvalue()))
AssertionError: Failed doctest test for test_unicode_data
  File "c:\Development\Workspace\formalchemy\formalchemy\tests\test_unicode.py", line 37, in test_unicode_data

----------------------------------------------------------------------
File "c:\Development\Workspace\formalchemy\formalchemy\tests\test_unicode.py", line 46, in test_unicode_data
Failed example:
    print(fs.render()) # doctest: +ELLIPSIS
Exception raised:
    Traceback (most recent call last):
      File "C:\Development\Python27\lib\doctest.py", line 1254, in __run
        compileflags, 1) in test.globs
      File "<doctest test_unicode_data[5]>", line 1, in <module>
        print(fs.render()) # doctest: +ELLIPSIS
      File "c:\Development\Workspace\formalchemy\formalchemy\tests\__init__.py", line 379, in render
        assert html == html_engine, (name, html, html_engine)
    AssertionError: ('tempita', '# -*- coding: utf-8 -*-\n<div>\n <label class="field_req" for="User--email">\n  Email\n </label>\n <input id="User--email" maxlength="40" name="User--email" type="text" value="j@jose.com" />\n</div>\n<script type="text/javascript">\n //<![CDATA[\r\ndocument.getElementById("User--email").focus();\r\n//]]>]]&gt;<![CDATA[\n</script>\n<div>\n <label class="field_req" for="User--password">\n  Password\n </label>\n <input id="User--password" maxlength="20" name="User--password" type="text" value="pwd" />\n</div>\n<div>\n <label class="field_opt" for="User--name">\n  Name\n </label>\n <input id="User--name" maxlength="30" name="User--name" type="text" value="Jos\xc3\xa9" />\n</div>\n<div>\n <label class="field_opt" for="User--orders">\n  Orders\n </label>\n <select id="User--orders" multiple="multiple" name="User--orders" size="5">\n  <option value="2">\n   Quantity: 5\n  </option>\n  <option value="3">\n   Quantity: 6\n  </option>\n  <option value="1">\n   Quantity: 10\n  </option>\n </select>\n</div>', '<div>\n <label class="field_req" for="User--email">\n  Email\n </label>\n <input id="User--email" maxlength="40" name="User--email" type="text" value="j@jose.com" />\n</div>\n<script type="text/javascript">\n //<![CDATA[\r\ndocument.getElementById("User--email").focus();\r\n//]]>]]&gt;<![CDATA[\n</script>\n<div>\n <label class="field_req" for="User--password">\n  Password\n </label>\n <input id="User--password" maxlength="20" name="User--password" type="text" value="pwd" />\n</div>\n<div>\n <label class="field_opt" for="User--name">\n  Name\n </label>\n <input id="User--name" maxlength="30" name="User--name" type="text" value="Jos\xc3\xa9" />\n</div>\n<div>\n <label class="field_opt" for="User--orders">\n  Orders\n </label>\n <select id="User--orders" multiple="multiple" name="User--orders" size="5">\n  <option value="2">\n   Quantity: 5\n  </option>\n  <option value="3">\n   Quantity: 6\n  </option>\n  <option value="1">\n   Quantity: 10\n  </option>\n </select>\n</div>')
----------------------------------------------------------------------
File "c:\Development\Workspace\formalchemy\formalchemy\tests\test_unicode.py", line 51, in test_unicode_data
Failed example:
    print(fs.render()) # doctest: +ELLIPSIS
Exception raised:
    Traceback (most recent call last):
      File "C:\Development\Python27\lib\doctest.py", line 1254, in __run
        compileflags, 1) in test.globs
      File "<doctest test_unicode_data[8]>", line 1, in <module>
        print(fs.render()) # doctest: +ELLIPSIS
      File "c:\Development\Workspace\formalchemy\formalchemy\tests\__init__.py", line 379, in render
        assert html == html_engine, (name, html, html_engine)
    AssertionError: ('tempita', '# -*- coding: utf-8 -*-\n<div>\n <label class="field_req" for="User--email">\n  Email\n </label>\n <input id="User--email" maxlength="40" name="User--email" type="text" value="j@jose.com" />\n</div>\n<script type="text/javascript">\n //<![CDATA[\r\ndocument.getElementById("User--email").focus();\r\n//]]>]]&gt;<![CDATA[\n</script>\n<div>\n <label class="field_req" for="User--password">\n  Password\n </label>\n <input id="User--password" maxlength="20" name="User--password" type="text" value="pwd" />\n</div>\n<div>\n <label class="field_opt" for="User--name">\n  Name\n </label>\n <input id="User--name" maxlength="30" name="User--name" type="text" value="Jos\xc3\xa9" />\n</div>\n<div>\n <label class="field_opt" for="User--orders">\n  Orders\n </label>\n <select id="User--orders" multiple="multiple" name="User--orders" size="5">\n  <option value="2">\n   Quantity: 5\n  </option>\n  <option value="3">\n   Quantity: 6\n  </option>\n  <option value="1">\n   Quantity: 10\n  </option>\n </select>\n</div>', '<div>\n <label class="field_req" for="User--email">\n  Email\n </label>\n <input id="User--email" maxlength="40" name="User--email" type="text" value="j@jose.com" />\n</div>\n<script type="text/javascript">\n //<![CDATA[\r\ndocument.getElementById("User--email").focus();\r\n//]]>]]&gt;<![CDATA[\n</script>\n<div>\n <label class="field_req" for="User--password">\n  Password\n </label>\n <input id="User--password" maxlength="20" name="User--password" type="text" value="pwd" />\n</div>\n<div>\n <label class="field_opt" for="User--name">\n  Name\n </label>\n <input id="User--name" maxlength="30" name="User--name" type="text" value="Jos\xc3\xa9" />\n</div>\n<div>\n <label class="field_opt" for="User--orders">\n  Orders\n </label>\n <select id="User--orders" multiple="multiple" name="User--orders" size="5">\n  <option value="2">\n   Quantity: 5\n  </option>\n  <option value="3">\n   Quantity: 6\n  </option>\n  <option value="1">\n   Quantity: 10\n  </option>\n </select>\n</div>')
----------------------------------------------------------------------
File "c:\Development\Workspace\formalchemy\formalchemy\tests\test_unicode.py", line 57, in test_unicode_data
Failed example:
    print(fs.render()) # doctest: +ELLIPSIS
Exception raised:
    Traceback (most recent call last):
      File "C:\Development\Python27\lib\doctest.py", line 1254, in __run
        compileflags, 1) in test.globs
      File "<doctest test_unicode_data[11]>", line 1, in <module>
        print(fs.render()) # doctest: +ELLIPSIS
      File "c:\Development\Workspace\formalchemy\formalchemy\tests\__init__.py", line 379, in render
        assert html == html_engine, (name, html, html_engine)
    AssertionError: ('tempita', '# -*- coding: utf-8 -*-\n<div>\n <label class="field_req" for="User--email">\n  Email\n </label>\n <input id="User--email" maxlength="40" name="User--email" type="text" value="j@jose.com" />\n</div>\n<script type="text/javascript">\n //<![CDATA[\r\ndocument.getElementById("User--email").focus();\r\n//]]>]]&gt;<![CDATA[\n</script>\n<div>\n <label class="field_req" for="User--password">\n  Password\n </label>\n <input id="User--password" maxlength="20" name="User--password" type="text" value="pwd" />\n</div>\n<div>\n <label class="field_opt" for="User--name">\n  Name\n </label>\n <input id="User--name" maxlength="30" name="User--name" type="text" value="Jos\xc3\xa9" />\n</div>\n<div>\n <label class="field_opt" for="User--orders">\n  Orders\n </label>\n <select id="User--orders" multiple="multiple" name="User--orders" size="5">\n  <option value="2">\n   Quantity: 5\n  </option>\n  <option value="3">\n   Quantity: 6\n  </option>\n  <option value="1">\n   Quantity: 10\n  </option>\n </select>\n</div>', '<div>\n <label class="field_req" for="User--email">\n  Email\n </label>\n <input id="User--email" maxlength="40" name="User--email" type="text" value="j@jose.com" />\n</div>\n<script type="text/javascript">\n //<![CDATA[\r\ndocument.getElementById("User--email").focus();\r\n//]]>]]&gt;<![CDATA[\n</script>\n<div>\n <label class="field_req" for="User--password">\n  Password\n </label>\n <input id="User--password" maxlength="20" name="User--password" type="text" value="pwd" />\n</div>\n<div>\n <label class="field_opt" for="User--name">\n  Name\n </label>\n <input id="User--name" maxlength="30" name="User--name" type="text" value="Jos\xc3\xa9" />\n</div>\n<div>\n <label class="field_opt" for="User--orders">\n  Orders\n </label>\n <select id="User--orders" multiple="multiple" name="User--orders" size="5">\n  <option value="2">\n   Quantity: 5\n  </option>\n  <option value="3">\n   Quantity: 6\n  </option>\n  <option value="1">\n   Quantity: 10\n  </option>\n </select>\n</div>')

>>  raise self.failureException(self.format_failure(<StringIO.StringIO instance at 0x0000000004040548>.getvalue()))
    
-------------------- >> begin captured logging << --------------------
formalchemy.formalchemy.fields: DEBUG: options for orders are [(u'Quantity: 5', 2), (u'Quantity: 6', 3), (u'Quantity: 10', 1)]
--------------------- >> end captured logging << ---------------------
]]></failure></testcase></testsuite>